#
# There is insufficient memory for the Java Runtime Environment to continue.
# Native memory allocation (malloc) failed to allocate 621056 bytes for Chunk::new
# Possible reasons:
#   The system is out of physical RAM or swap space
#   The process is running with CompressedOops enabled, and the Java Heap may be blocking the growth of the native heap
# Possible solutions:
#   Reduce memory load on the system
#   Increase physical memory or swap space
#   Check if swap backing store is full
#   Decrease Java heap size (-Xmx/-Xms)
#   Decrease number of Java threads
#   Decrease Java thread stack sizes (-Xss)
#   Set larger code cache with -XX:ReservedCodeCacheSize=
#   JVM is running with Unscaled Compressed Oops mode in which the Java heap is
#     placed in the first 4GB address space. The Java Heap base address is the
#     maximum limit for the native heap growth. Please use -XX:HeapBaseMinAddress
#     to set the Java Heap base and to place the Java Heap above 4GB virtual address.
# This output file may be truncated or incomplete.
#
#  Out of Memory Error (arena.cpp:189), pid=16620, tid=5236
#
# JRE version: OpenJDK Runtime Environment (17.0.6) (build 17.0.6+0-b2043.56-10027231)
# Java VM: OpenJDK 64-Bit Server VM (17.0.6+0-b2043.56-10027231, mixed mode, tiered, compressed oops, compressed class ptrs, g1 gc, windows-amd64)
# No core dump will be written. Minidumps are not enabled by default on client versions of Windows
#

---------------  S U M M A R Y ------------

Command Line: org.jetbrains.kotlin.cli.jvm.K2JVMCompiler @D:\ChPI\Diplom\game_ui\build\20231113_13942156885884000445.compiler.options

Host: AMD Ryzen 5 4600H with Radeon Graphics         , 12 cores, 7G,  Windows 10 , 64 bit Build 19041 (10.0.19041.3570)
Time: Mon Nov 13 13:28:52 2023 GMT Standard Time elapsed time: 19.158586 seconds (0d 0h 0m 19s)

---------------  T H R E A D  ---------------

Current thread (0x000001c008445890):  JavaThread "C2 CompilerThread0" daemon [_thread_in_native, id=5236, stack(0x000000a16d500000,0x000000a16d600000)]


Current CompileTask:
C2:  19158 10119   !   4       org.jetbrains.kotlin.com.intellij.psi.impl.source.CharTableImpl::doIntern (85 bytes)

Stack: [0x000000a16d500000,0x000000a16d600000]
Native frames: (J=compiled Java code, j=interpreted, Vv=VM code, C=native code)
V  [jvm.dll+0x683c9a]
V  [jvm.dll+0x8427a4]
V  [jvm.dll+0x843f9e]
V  [jvm.dll+0x844603]
V  [jvm.dll+0x249b75]
V  [jvm.dll+0xabcac]
V  [jvm.dll+0xac27c]
V  [jvm.dll+0x2b0eef]
V  [jvm.dll+0x58a267]
V  [jvm.dll+0x2243b2]
V  [jvm.dll+0x22478f]
V  [jvm.dll+0x21e055]
V  [jvm.dll+0x21b51b]
V  [jvm.dll+0x1a4fdd]
V  [jvm.dll+0x22b098]
V  [jvm.dll+0x229159]
V  [jvm.dll+0x7f81ec]
V  [jvm.dll+0x7f274a]
V  [jvm.dll+0x682ad5]
C  [ucrtbase.dll+0x21bb2]
C  [KERNEL32.DLL+0x17344]
C  [ntdll.dll+0x526b1]


---------------  P R O C E S S  ---------------

Threads class SMR info:
_java_thread_list=0x000001c008588830, length=12, elements={
0x000001c06d6cfc90, 0x000001c0078663f0, 0x000001c007867260, 0x000001c008424230,
0x000001c008426c00, 0x000001c0084275b0, 0x000001c008427f60, 0x000001c008445890,
0x000001c008445e50, 0x000001c00844bd50, 0x000001c0085aa1e0, 0x000001c0085b7220
}

Java Threads: ( => current thread )
  0x000001c06d6cfc90 JavaThread "main" [_thread_in_Java, id=9684, stack(0x000000a16c800000,0x000000a16c900000)]
  0x000001c0078663f0 JavaThread "Reference Handler" daemon [_thread_blocked, id=24112, stack(0x000000a16cf00000,0x000000a16d000000)]
  0x000001c007867260 JavaThread "Finalizer" daemon [_thread_blocked, id=22096, stack(0x000000a16d000000,0x000000a16d100000)]
  0x000001c008424230 JavaThread "Signal Dispatcher" daemon [_thread_blocked, id=24744, stack(0x000000a16d100000,0x000000a16d200000)]
  0x000001c008426c00 JavaThread "Attach Listener" daemon [_thread_blocked, id=16156, stack(0x000000a16d200000,0x000000a16d300000)]
  0x000001c0084275b0 JavaThread "Service Thread" daemon [_thread_blocked, id=21880, stack(0x000000a16d300000,0x000000a16d400000)]
  0x000001c008427f60 JavaThread "Monitor Deflation Thread" daemon [_thread_blocked, id=6492, stack(0x000000a16d400000,0x000000a16d500000)]
=>0x000001c008445890 JavaThread "C2 CompilerThread0" daemon [_thread_in_native, id=5236, stack(0x000000a16d500000,0x000000a16d600000)]
  0x000001c008445e50 JavaThread "C1 CompilerThread0" daemon [_thread_blocked, id=17584, stack(0x000000a16d600000,0x000000a16d700000)]
  0x000001c00844bd50 JavaThread "Sweeper thread" daemon [_thread_blocked, id=22116, stack(0x000000a16d700000,0x000000a16d800000)]
  0x000001c0085aa1e0 JavaThread "Notification Thread" daemon [_thread_blocked, id=16604, stack(0x000000a16d800000,0x000000a16d900000)]
  0x000001c0085b7220 JavaThread "Common-Cleaner" daemon [_thread_blocked, id=18788, stack(0x000000a16da00000,0x000000a16db00000)]

Other Threads:
  0x000001c0078904a0 VMThread "VM Thread" [stack: 0x000000a16ce00000,0x000000a16cf00000] [id=16856]
  0x000001c0085aa6b0 WatcherThread [stack: 0x000000a16d900000,0x000000a16da00000] [id=12200]
  0x000001c06d72b230 GCTaskThread "GC Thread#0" [stack: 0x000000a16c900000,0x000000a16ca00000] [id=892]
  0x000001c008a511e0 GCTaskThread "GC Thread#1" [stack: 0x000000a16db00000,0x000000a16dc00000] [id=15532]
  0x000001c008a51490 GCTaskThread "GC Thread#2" [stack: 0x000000a16dc00000,0x000000a16dd00000] [id=25156]
  0x000001c008a2cab0 GCTaskThread "GC Thread#3" [stack: 0x000000a16dd00000,0x000000a16de00000] [id=9856]
  0x000001c008a2cd60 GCTaskThread "GC Thread#4" [stack: 0x000000a16de00000,0x000000a16df00000] [id=25412]
  0x000001c008a2d010 GCTaskThread "GC Thread#5" [stack: 0x000000a16df00000,0x000000a16e000000] [id=20156]
  0x000001c008fe4520 GCTaskThread "GC Thread#6" [stack: 0x000000a16e000000,0x000000a16e100000] [id=14556]
  0x000001c008f26cc0 GCTaskThread "GC Thread#7" [stack: 0x000000a16e100000,0x000000a16e200000] [id=9364]
  0x000001c008ff8420 GCTaskThread "GC Thread#8" [stack: 0x000000a16e200000,0x000000a16e300000] [id=20848]
  0x000001c008f25fd0 GCTaskThread "GC Thread#9" [stack: 0x000000a16e500000,0x000000a16e600000] [id=24548]
  0x000001c06d73bd70 ConcurrentGCThread "G1 Main Marker" [stack: 0x000000a16ca00000,0x000000a16cb00000] [id=8220]
  0x000001c06d73df30 ConcurrentGCThread "G1 Conc#0" [stack: 0x000000a16cb00000,0x000000a16cc00000] [id=25204]
  0x000001c008f25d20 ConcurrentGCThread "G1 Conc#1" [stack: 0x000000a16e300000,0x000000a16e400000] [id=23104]
  0x000001c008f25a70 ConcurrentGCThread "G1 Conc#2" [stack: 0x000000a16e400000,0x000000a16e500000] [id=23896]
  0x000001c0076d24c0 ConcurrentGCThread "G1 Refine#0" [stack: 0x000000a16cc00000,0x000000a16cd00000] [id=22300]
  0x000001c0076d2ee0 ConcurrentGCThread "G1 Service" [stack: 0x000000a16cd00000,0x000000a16ce00000] [id=22672]

Threads with active compile tasks:
C2 CompilerThread0    19178 10119   !   4       org.jetbrains.kotlin.com.intellij.psi.impl.source.CharTableImpl::doIntern (85 bytes)

VM state: not at safepoint (normal execution)

VM Mutex/Monitor currently owned by a thread: None

Heap address: 0x0000000082000000, size: 2016 MB, Compressed Oops mode: 32-bit

CDS archive(s) not mapped
Compressed class space mapped at: 0x0000000100000000-0x0000000140000000, reserved size: 1073741824
Narrow klass base: 0x0000000000000000, Narrow klass shift: 3, Narrow klass range: 0x140000000

GC Precious Log:
 CPUs: 12 total, 12 available
 Memory: 8061M
 Large Page Support: Disabled
 NUMA Support: Disabled
 Compressed Oops: Enabled (32-bit)
 Heap Region Size: 1M
 Heap Min Capacity: 8M
 Heap Initial Capacity: 126M
 Heap Max Capacity: 2016M
 Pre-touch: Disabled
 Parallel Workers: 10
 Concurrent Workers: 3
 Concurrent Refinement Workers: 10
 Periodic GC: Disabled

Heap:
 garbage-first heap   total 110592K, used 73855K [0x0000000082000000, 0x0000000100000000)
  region size 1024K, 24 young (24576K), 4 survivors (4096K)
 Metaspace       used 67853K, committed 68160K, reserved 1114112K
  class space    used 7881K, committed 8000K, reserved 1048576K

Heap Regions: E=young(eden), S=young(survivor), O=old, HS=humongous(starts), HC=humongous(continues), CS=collection set, F=free, OA=open archive, CA=closed archive, TAMS=top-at-mark-start (previous, next)
|   0|0x0000000082000000, 0x0000000082100000, 0x0000000082100000|100%|HS|  |TAMS 0x0000000082100000, 0x0000000082000000| Complete 
|   1|0x0000000082100000, 0x0000000082200000, 0x0000000082200000|100%|HC|  |TAMS 0x0000000082200000, 0x0000000082100000| Complete 
|   2|0x0000000082200000, 0x0000000082300000, 0x0000000082300000|100%|HC|  |TAMS 0x0000000082300000, 0x0000000082200000| Complete 
|   3|0x0000000082300000, 0x0000000082400000, 0x0000000082400000|100%| O|  |TAMS 0x0000000082400000, 0x0000000082300000| Untracked 
|   4|0x0000000082400000, 0x0000000082500000, 0x0000000082500000|100%| O|  |TAMS 0x0000000082500000, 0x0000000082400000| Untracked 
|   5|0x0000000082500000, 0x00000000825de000, 0x0000000082600000| 86%| O|  |TAMS 0x00000000825de000, 0x0000000082500000| Untracked 
|   6|0x0000000082600000, 0x0000000082700000, 0x0000000082700000|100%|HS|  |TAMS 0x0000000082700000, 0x0000000082600000| Complete 
|   7|0x0000000082700000, 0x0000000082800000, 0x0000000082800000|100%|HC|  |TAMS 0x0000000082800000, 0x0000000082700000| Complete 
|   8|0x0000000082800000, 0x0000000082900000, 0x0000000082900000|100%|HC|  |TAMS 0x0000000082900000, 0x0000000082800000| Complete 
|   9|0x0000000082900000, 0x0000000082a00000, 0x0000000082a00000|100%| O|  |TAMS 0x0000000082a00000, 0x0000000082900000| Untracked 
|  10|0x0000000082a00000, 0x0000000082b00000, 0x0000000082b00000|100%| O|  |TAMS 0x0000000082b00000, 0x0000000082a00000| Untracked 
|  11|0x0000000082b00000, 0x0000000082c00000, 0x0000000082c00000|100%| O|  |TAMS 0x0000000082c00000, 0x0000000082b00000| Untracked 
|  12|0x0000000082c00000, 0x0000000082d00000, 0x0000000082d00000|100%| O|  |TAMS 0x0000000082d00000, 0x0000000082c00000| Untracked 
|  13|0x0000000082d00000, 0x0000000082e00000, 0x0000000082e00000|100%| O|  |TAMS 0x0000000082e00000, 0x0000000082d00000| Untracked 
|  14|0x0000000082e00000, 0x0000000082f00000, 0x0000000082f00000|100%| O|  |TAMS 0x0000000082f00000, 0x0000000082e00000| Untracked 
|  15|0x0000000082f00000, 0x0000000083000000, 0x0000000083000000|100%| O|  |TAMS 0x0000000083000000, 0x0000000082f00000| Untracked 
|  16|0x0000000083000000, 0x0000000083100000, 0x0000000083100000|100%| O|  |TAMS 0x0000000083100000, 0x0000000083000000| Untracked 
|  17|0x0000000083100000, 0x0000000083200000, 0x0000000083200000|100%| O|  |TAMS 0x0000000083200000, 0x0000000083100000| Untracked 
|  18|0x0000000083200000, 0x0000000083300000, 0x0000000083300000|100%| O|  |TAMS 0x0000000083300000, 0x0000000083200000| Untracked 
|  19|0x0000000083300000, 0x0000000083400000, 0x0000000083400000|100%| O|  |TAMS 0x0000000083400000, 0x0000000083300000| Untracked 
|  20|0x0000000083400000, 0x0000000083500000, 0x0000000083500000|100%| O|  |TAMS 0x0000000083500000, 0x0000000083400000| Untracked 
|  21|0x0000000083500000, 0x0000000083600000, 0x0000000083600000|100%| O|  |TAMS 0x0000000083600000, 0x0000000083500000| Untracked 
|  22|0x0000000083600000, 0x0000000083700000, 0x0000000083700000|100%| O|  |TAMS 0x0000000083700000, 0x0000000083600000| Untracked 
|  23|0x0000000083700000, 0x0000000083800000, 0x0000000083800000|100%| O|  |TAMS 0x0000000083800000, 0x0000000083700000| Untracked 
|  24|0x0000000083800000, 0x0000000083900000, 0x0000000083900000|100%| O|  |TAMS 0x0000000083900000, 0x0000000083800000| Untracked 
|  25|0x0000000083900000, 0x0000000083a00000, 0x0000000083a00000|100%|HS|  |TAMS 0x0000000083a00000, 0x0000000083900000| Complete 
|  26|0x0000000083a00000, 0x0000000083b00000, 0x0000000083b00000|100%|HC|  |TAMS 0x0000000083b00000, 0x0000000083a00000| Complete 
|  27|0x0000000083b00000, 0x0000000083c00000, 0x0000000083c00000|100%| O|  |TAMS 0x0000000083c00000, 0x0000000083b00000| Untracked 
|  28|0x0000000083c00000, 0x0000000083d00000, 0x0000000083d00000|100%| O|  |TAMS 0x0000000083d00000, 0x0000000083c00000| Untracked 
|  29|0x0000000083d00000, 0x0000000083e00000, 0x0000000083e00000|100%| O|  |TAMS 0x0000000083e00000, 0x0000000083d00000| Untracked 
|  30|0x0000000083e00000, 0x0000000083f00000, 0x0000000083f00000|100%| O|  |TAMS 0x0000000083f00000, 0x0000000083e00000| Untracked 
|  31|0x0000000083f00000, 0x0000000084000000, 0x0000000084000000|100%| O|  |TAMS 0x0000000084000000, 0x0000000083f00000| Untracked 
|  32|0x0000000084000000, 0x0000000084100000, 0x0000000084100000|100%| O|  |TAMS 0x0000000084100000, 0x0000000084000000| Untracked 
|  33|0x0000000084100000, 0x0000000084200000, 0x0000000084200000|100%| O|  |TAMS 0x0000000084200000, 0x0000000084100000| Untracked 
|  34|0x0000000084200000, 0x0000000084300000, 0x0000000084300000|100%| O|  |TAMS 0x0000000084300000, 0x0000000084200000| Untracked 
|  35|0x0000000084300000, 0x0000000084400000, 0x0000000084400000|100%| O|  |TAMS 0x0000000084400000, 0x0000000084300000| Untracked 
|  36|0x0000000084400000, 0x0000000084500000, 0x0000000084500000|100%| O|  |TAMS 0x0000000084500000, 0x0000000084400000| Untracked 
|  37|0x0000000084500000, 0x0000000084600000, 0x0000000084600000|100%| O|  |TAMS 0x0000000084600000, 0x0000000084500000| Untracked 
|  38|0x0000000084600000, 0x0000000084700000, 0x0000000084700000|100%| O|  |TAMS 0x0000000084700000, 0x0000000084600000| Untracked 
|  39|0x0000000084700000, 0x0000000084800000, 0x0000000084800000|100%| O|  |TAMS 0x0000000084800000, 0x0000000084700000| Untracked 
|  40|0x0000000084800000, 0x0000000084900000, 0x0000000084900000|100%| O|  |TAMS 0x0000000084900000, 0x0000000084800000| Untracked 
|  41|0x0000000084900000, 0x0000000084a00000, 0x0000000084a00000|100%| O|  |TAMS 0x0000000084a00000, 0x0000000084900000| Untracked 
|  42|0x0000000084a00000, 0x0000000084b00000, 0x0000000084b00000|100%| O|  |TAMS 0x0000000084acf400, 0x0000000084a00000| Untracked 
|  43|0x0000000084b00000, 0x0000000084c00000, 0x0000000084c00000|100%| O|  |TAMS 0x0000000084b00000, 0x0000000084b00000| Untracked 
|  44|0x0000000084c00000, 0x0000000084d00000, 0x0000000084d00000|100%| O|  |TAMS 0x0000000084c00000, 0x0000000084c00000| Untracked 
|  45|0x0000000084d00000, 0x0000000084e00000, 0x0000000084e00000|100%| O|  |TAMS 0x0000000084d00000, 0x0000000084d00000| Untracked 
|  46|0x0000000084e00000, 0x0000000084f00000, 0x0000000084f00000|100%| O|  |TAMS 0x0000000084e00000, 0x0000000084e00000| Untracked 
|  47|0x0000000084f00000, 0x0000000085000000, 0x0000000085000000|100%| O|  |TAMS 0x0000000084f00000, 0x0000000084f00000| Untracked 
|  48|0x0000000085000000, 0x0000000085100000, 0x0000000085100000|100%| O|  |TAMS 0x0000000085000000, 0x0000000085000000| Untracked 
|  49|0x0000000085100000, 0x0000000085141e00, 0x0000000085200000| 25%| O|  |TAMS 0x0000000085100000, 0x0000000085100000| Untracked 
|  50|0x0000000085200000, 0x0000000085200000, 0x0000000085300000|  0%| F|  |TAMS 0x0000000085200000, 0x0000000085200000| Untracked 
|  51|0x0000000085300000, 0x0000000085300000, 0x0000000085400000|  0%| F|  |TAMS 0x0000000085300000, 0x0000000085300000| Untracked 
|  52|0x0000000085400000, 0x0000000085400000, 0x0000000085500000|  0%| F|  |TAMS 0x0000000085400000, 0x0000000085400000| Untracked 
|  53|0x0000000085500000, 0x0000000085500000, 0x0000000085600000|  0%| F|  |TAMS 0x0000000085500000, 0x0000000085500000| Untracked 
|  54|0x0000000085600000, 0x0000000085600000, 0x0000000085700000|  0%| F|  |TAMS 0x0000000085600000, 0x0000000085600000| Untracked 
|  55|0x0000000085700000, 0x0000000085700000, 0x0000000085800000|  0%| F|  |TAMS 0x0000000085700000, 0x0000000085700000| Untracked 
|  56|0x0000000085800000, 0x0000000085800000, 0x0000000085900000|  0%| F|  |TAMS 0x0000000085800000, 0x0000000085800000| Untracked 
|  57|0x0000000085900000, 0x0000000085900000, 0x0000000085a00000|  0%| F|  |TAMS 0x0000000085900000, 0x0000000085900000| Untracked 
|  58|0x0000000085a00000, 0x0000000085a00000, 0x0000000085b00000|  0%| F|  |TAMS 0x0000000085a00000, 0x0000000085a00000| Untracked 
|  59|0x0000000085b00000, 0x0000000085b00000, 0x0000000085c00000|  0%| F|  |TAMS 0x0000000085b00000, 0x0000000085b00000| Untracked 
|  60|0x0000000085c00000, 0x0000000085c00000, 0x0000000085d00000|  0%| F|  |TAMS 0x0000000085c00000, 0x0000000085c00000| Untracked 
|  61|0x0000000085d00000, 0x0000000085d00000, 0x0000000085e00000|  0%| F|  |TAMS 0x0000000085d00000, 0x0000000085d00000| Untracked 
|  62|0x0000000085e00000, 0x0000000085e00000, 0x0000000085f00000|  0%| F|  |TAMS 0x0000000085e00000, 0x0000000085e00000| Untracked 
|  63|0x0000000085f00000, 0x0000000085f00000, 0x0000000086000000|  0%| F|  |TAMS 0x0000000085f00000, 0x0000000085f00000| Untracked 
|  64|0x0000000086000000, 0x0000000086000000, 0x0000000086100000|  0%| F|  |TAMS 0x0000000086000000, 0x0000000086000000| Untracked 
|  65|0x0000000086100000, 0x0000000086100000, 0x0000000086200000|  0%| F|  |TAMS 0x0000000086100000, 0x0000000086100000| Untracked 
|  66|0x0000000086200000, 0x0000000086200000, 0x0000000086300000|  0%| F|  |TAMS 0x0000000086200000, 0x0000000086200000| Untracked 
|  67|0x0000000086300000, 0x0000000086300000, 0x0000000086400000|  0%| F|  |TAMS 0x0000000086300000, 0x0000000086300000| Untracked 
|  68|0x0000000086400000, 0x0000000086400000, 0x0000000086500000|  0%| F|  |TAMS 0x0000000086400000, 0x0000000086400000| Untracked 
|  69|0x0000000086500000, 0x0000000086600000, 0x0000000086600000|100%| S|CS|TAMS 0x0000000086500000, 0x0000000086500000| Complete 
|  70|0x0000000086600000, 0x0000000086700000, 0x0000000086700000|100%| S|CS|TAMS 0x0000000086600000, 0x0000000086600000| Complete 
|  71|0x0000000086700000, 0x0000000086800000, 0x0000000086800000|100%| S|CS|TAMS 0x0000000086700000, 0x0000000086700000| Complete 
|  72|0x0000000086800000, 0x0000000086900000, 0x0000000086900000|100%| S|CS|TAMS 0x0000000086800000, 0x0000000086800000| Complete 
|  73|0x0000000086900000, 0x0000000086900000, 0x0000000086a00000|  0%| F|  |TAMS 0x0000000086900000, 0x0000000086900000| Untracked 
|  74|0x0000000086a00000, 0x0000000086a00000, 0x0000000086b00000|  0%| F|  |TAMS 0x0000000086a00000, 0x0000000086a00000| Untracked 
|  75|0x0000000086b00000, 0x0000000086b00000, 0x0000000086c00000|  0%| F|  |TAMS 0x0000000086b00000, 0x0000000086b00000| Untracked 
|  76|0x0000000086c00000, 0x0000000086c00000, 0x0000000086d00000|  0%| F|  |TAMS 0x0000000086c00000, 0x0000000086c00000| Untracked 
|  77|0x0000000086d00000, 0x0000000086d00000, 0x0000000086e00000|  0%| F|  |TAMS 0x0000000086d00000, 0x0000000086d00000| Untracked 
|  78|0x0000000086e00000, 0x0000000086e00000, 0x0000000086f00000|  0%| F|  |TAMS 0x0000000086e00000, 0x0000000086e00000| Untracked 
|  79|0x0000000086f00000, 0x0000000086f00000, 0x0000000087000000|  0%| F|  |TAMS 0x0000000086f00000, 0x0000000086f00000| Untracked 
|  80|0x0000000087000000, 0x0000000087000000, 0x0000000087100000|  0%| F|  |TAMS 0x0000000087000000, 0x0000000087000000| Untracked 
|  81|0x0000000087100000, 0x0000000087100000, 0x0000000087200000|  0%| F|  |TAMS 0x0000000087100000, 0x0000000087100000| Untracked 
|  82|0x0000000087200000, 0x0000000087200000, 0x0000000087300000|  0%| F|  |TAMS 0x0000000087200000, 0x0000000087200000| Untracked 
|  83|0x0000000087300000, 0x0000000087300000, 0x0000000087400000|  0%| F|  |TAMS 0x0000000087300000, 0x0000000087300000| Untracked 
|  84|0x0000000087400000, 0x0000000087400000, 0x0000000087500000|  0%| F|  |TAMS 0x0000000087400000, 0x0000000087400000| Untracked 
|  85|0x0000000087500000, 0x0000000087500000, 0x0000000087600000|  0%| F|  |TAMS 0x0000000087500000, 0x0000000087500000| Untracked 
|  86|0x0000000087600000, 0x0000000087600000, 0x0000000087700000|  0%| F|  |TAMS 0x0000000087600000, 0x0000000087600000| Untracked 
|  87|0x0000000087700000, 0x0000000087700000, 0x0000000087800000|  0%| F|  |TAMS 0x0000000087700000, 0x0000000087700000| Untracked 
|  88|0x0000000087800000, 0x0000000087900000, 0x0000000087900000|100%| E|  |TAMS 0x0000000087800000, 0x0000000087800000| Complete 
|  89|0x0000000087900000, 0x0000000087a00000, 0x0000000087a00000|100%| E|CS|TAMS 0x0000000087900000, 0x0000000087900000| Complete 
|  90|0x0000000087a00000, 0x0000000087b00000, 0x0000000087b00000|100%| E|CS|TAMS 0x0000000087a00000, 0x0000000087a00000| Complete 
|  91|0x0000000087b00000, 0x0000000087c00000, 0x0000000087c00000|100%| E|CS|TAMS 0x0000000087b00000, 0x0000000087b00000| Complete 
|  92|0x0000000087c00000, 0x0000000087d00000, 0x0000000087d00000|100%| E|CS|TAMS 0x0000000087c00000, 0x0000000087c00000| Complete 
|  93|0x0000000087d00000, 0x0000000087e00000, 0x0000000087e00000|100%| E|CS|TAMS 0x0000000087d00000, 0x0000000087d00000| Complete 
|  94|0x0000000087e00000, 0x0000000087f00000, 0x0000000087f00000|100%| E|CS|TAMS 0x0000000087e00000, 0x0000000087e00000| Complete 
|  95|0x0000000087f00000, 0x0000000088000000, 0x0000000088000000|100%| E|CS|TAMS 0x0000000087f00000, 0x0000000087f00000| Complete 
|  96|0x0000000088000000, 0x0000000088100000, 0x0000000088100000|100%| E|CS|TAMS 0x0000000088000000, 0x0000000088000000| Complete 
|  97|0x0000000088100000, 0x0000000088200000, 0x0000000088200000|100%| E|CS|TAMS 0x0000000088100000, 0x0000000088100000| Complete 
|  98|0x0000000088200000, 0x0000000088300000, 0x0000000088300000|100%| E|CS|TAMS 0x0000000088200000, 0x0000000088200000| Complete 
|  99|0x0000000088300000, 0x0000000088400000, 0x0000000088400000|100%| E|CS|TAMS 0x0000000088300000, 0x0000000088300000| Complete 
| 100|0x0000000088400000, 0x0000000088500000, 0x0000000088500000|100%| E|CS|TAMS 0x0000000088400000, 0x0000000088400000| Complete 
| 101|0x0000000088500000, 0x0000000088600000, 0x0000000088600000|100%| E|CS|TAMS 0x0000000088500000, 0x0000000088500000| Complete 
| 102|0x0000000088600000, 0x0000000088700000, 0x0000000088700000|100%| E|CS|TAMS 0x0000000088600000, 0x0000000088600000| Complete 
| 103|0x0000000088700000, 0x0000000088800000, 0x0000000088800000|100%| E|CS|TAMS 0x0000000088700000, 0x0000000088700000| Complete 
| 104|0x0000000088800000, 0x0000000088900000, 0x0000000088900000|100%| E|CS|TAMS 0x0000000088800000, 0x0000000088800000| Complete 
| 105|0x0000000088900000, 0x0000000088a00000, 0x0000000088a00000|100%| E|CS|TAMS 0x0000000088900000, 0x0000000088900000| Complete 
| 106|0x0000000088a00000, 0x0000000088b00000, 0x0000000088b00000|100%| E|CS|TAMS 0x0000000088a00000, 0x0000000088a00000| Complete 
| 125|0x0000000089d00000, 0x0000000089e00000, 0x0000000089e00000|100%| E|CS|TAMS 0x0000000089d00000, 0x0000000089d00000| Complete 

Card table byte_map: [0x000001c000500000,0x000001c0008f0000] _byte_map_base: 0x000001c0000f0000

Marking Bits (Prev, Next): (CMBitMap*) 0x000001c06d72b840, (CMBitMap*) 0x000001c06d72b880
 Prev Bits: [0x000001c000ce0000, 0x000001c002c60000)
 Next Bits: [0x000001c002c60000, 0x000001c004be0000)

Polling page: 0x000001c06cea0000

Metaspace:

Usage:
  Non-class:     58.57 MB used.
      Class:      7.70 MB used.
       Both:     66.26 MB used.

Virtual space:
  Non-class space:       64.00 MB reserved,      58.75 MB ( 92%) committed,  8 nodes.
      Class space:        1.00 GB reserved,       7.81 MB ( <1%) committed,  1 nodes.
             Both:        1.06 GB reserved,      66.56 MB (  6%) committed. 

Chunk freelists:
   Non-Class:  656.00 KB
       Class:  140.00 KB
        Both:  796.00 KB

MaxMetaspaceSize: unlimited
CompressedClassSpaceSize: 1.00 GB
Initial GC threshold: 21.00 MB
Current GC threshold: 105.25 MB
CDS: off
MetaspaceReclaimPolicy: balanced
 - commit_granule_bytes: 65536.
 - commit_granule_words: 8192.
 - virtual_space_node_default_size: 1048576.
 - enlarge_chunks_in_place: 1.
 - new_chunks_are_fully_committed: 0.
 - uncommit_free_chunks: 1.
 - use_allocation_guard: 0.
 - handle_deallocations: 1.


Internal statistics:

num_allocs_failed_limit: 3.
num_arena_births: 324.
num_arena_deaths: 0.
num_vsnodes_births: 9.
num_vsnodes_deaths: 0.
num_space_committed: 1063.
num_space_uncommitted: 0.
num_chunks_returned_to_freelist: 3.
num_chunks_taken_from_freelist: 2487.
num_chunk_merges: 3.
num_chunk_splits: 1947.
num_chunks_enlarged: 1689.
num_purges: 0.
num_inconsistent_stats: 0.

CodeHeap 'non-profiled nmethods': size=120000Kb used=3253Kb max_used=3253Kb free=116746Kb
 bounds [0x000001c078670000, 0x000001c0789a0000, 0x000001c07fba0000]
CodeHeap 'profiled nmethods': size=120000Kb used=23041Kb max_used=23041Kb free=96958Kb
 bounds [0x000001c070ba0000, 0x000001c072230000, 0x000001c0780d0000]
CodeHeap 'non-nmethods': size=5760Kb used=1309Kb max_used=1359Kb free=4450Kb
 bounds [0x000001c0780d0000, 0x000001c078340000, 0x000001c078670000]
 total_blobs=9899 nmethods=9276 adapters=533
 compilation: enabled
              stopped_count=0, restarted_count=0
 full_count=0

Compilation events (20 events):
Event: 19.106 Thread 0x000001c008445e50 nmethod 10269 0x000001c07221b210 code [0x000001c07221b3a0, 0x000001c07221b4b8]
Event: 19.106 Thread 0x000001c008445e50 10270       1       org.jetbrains.kotlin.com.google.common.collect.LinkedHashMultimap$ValueSet::size (5 bytes)
Event: 19.106 Thread 0x000001c008445e50 nmethod 10270 0x000001c07899cb90 code [0x000001c07899cd20, 0x000001c07899cdf8]
Event: 19.127 Thread 0x000001c008445e50 10271       2       org.jetbrains.kotlin.resolve.constants.CompileTimeConstant$Parameters::<init> (50 bytes)
Event: 19.128 Thread 0x000001c008445e50 nmethod 10271 0x000001c07221b590 code [0x000001c07221b720, 0x000001c07221b878]
Event: 19.128 Thread 0x000001c008445e50 10272       1       org.jetbrains.kotlin.resolve.constants.CompileTimeConstant$Parameters::getCanBeUsedInAnnotation (5 bytes)
Event: 19.128 Thread 0x000001c008445e50 nmethod 10272 0x000001c07899ce90 code [0x000001c07899d020, 0x000001c07899d0f8]
Event: 19.128 Thread 0x000001c008445e50 10273       2       org.jetbrains.kotlin.resolve.constants.evaluate.ConstantExpressionEvaluatorVisitor::wrap (17 bytes)
Event: 19.128 Thread 0x000001c008445e50 nmethod 10273 0x000001c07221b910 code [0x000001c07221bac0, 0x000001c07221bc68]
Event: 19.128 Thread 0x000001c008445e50 10274       2       org.jetbrains.kotlin.builtins.KotlinBuiltIns::getStringType (19 bytes)
Event: 19.129 Thread 0x000001c008445e50 nmethod 10274 0x000001c07221bd90 code [0x000001c07221bf60, 0x000001c07221c178]
Event: 19.130 Thread 0x000001c008445e50 10275       1       org.jetbrains.kotlin.resolve.constants.CompileTimeConstant$Parameters::getUsesVariableAsConstant (5 bytes)
Event: 19.130 Thread 0x000001c008445e50 nmethod 10275 0x000001c07899d190 code [0x000001c07899d320, 0x000001c07899d3f8]
Event: 19.134 Thread 0x000001c008445e50 10276       2       org.jetbrains.kotlin.load.java.structure.impl.JavaClassifierImpl::findAnnotation (14 bytes)
Event: 19.135 Thread 0x000001c008445e50 nmethod 10276 0x000001c07221c310 code [0x000001c07221c4c0, 0x000001c07221c618]
Event: 19.154 Thread 0x000001c008445e50 10277       2       org.jetbrains.kotlin.load.java.structure.impl.JavaClassifierImpl::getAnnotations (13 bytes)
Event: 19.155 Thread 0x000001c008445e50 nmethod 10277 0x000001c07221c710 code [0x000001c07221c8c0, 0x000001c07221ca18]
Event: 19.155 Thread 0x000001c008445e50 10278       2       org.jetbrains.kotlin.load.java.structure.impl.JavaClassifierImpl::isDeprecatedInJavaDoc (13 bytes)
Event: 19.155 Thread 0x000001c008445e50 nmethod 10278 0x000001c07221cb10 code [0x000001c07221ccc0, 0x000001c07221ce78]
Event: 19.155 Thread 0x000001c008445e50 10279       2       org.jetbrains.kotlin.com.intellij.psi.impl.source.PsiClassImpl::isDeprecated (12 bytes)

GC Heap History (20 events):
Event: 7.516 GC heap before
{Heap before GC invocations=14 (full 0):
 garbage-first heap   total 58368K, used 26165K [0x0000000082000000, 0x0000000100000000)
  region size 1024K, 3 young (3072K), 2 survivors (2048K)
 Metaspace       used 47701K, committed 48000K, reserved 1097728K
  class space    used 5802K, committed 5952K, reserved 1048576K
}
Event: 7.519 GC heap after
{Heap after GC invocations=15 (full 0):
 garbage-first heap   total 58368K, used 26071K [0x0000000082000000, 0x0000000100000000)
  region size 1024K, 1 young (1024K), 1 survivors (1024K)
 Metaspace       used 47701K, committed 48000K, reserved 1097728K
  class space    used 5802K, committed 5952K, reserved 1048576K
}
Event: 8.795 GC heap before
{Heap before GC invocations=15 (full 0):
 garbage-first heap   total 58368K, used 48599K [0x0000000082000000, 0x0000000100000000)
  region size 1024K, 21 young (21504K), 1 survivors (1024K)
 Metaspace       used 51352K, committed 51584K, reserved 1097728K
  class space    used 6205K, committed 6336K, reserved 1048576K
}
Event: 8.805 GC heap after
{Heap after GC invocations=16 (full 0):
 garbage-first heap   total 58368K, used 31312K [0x0000000082000000, 0x0000000100000000)
  region size 1024K, 3 young (3072K), 3 survivors (3072K)
 Metaspace       used 51352K, committed 51584K, reserved 1097728K
  class space    used 6205K, committed 6336K, reserved 1048576K
}
Event: 9.061 GC heap before
{Heap before GC invocations=16 (full 0):
 garbage-first heap   total 58368K, used 34384K [0x0000000082000000, 0x0000000100000000)
  region size 1024K, 7 young (7168K), 3 survivors (3072K)
 Metaspace       used 51972K, committed 52224K, reserved 1097728K
  class space    used 6284K, committed 6400K, reserved 1048576K
}
Event: 9.068 GC heap after
{Heap after GC invocations=17 (full 0):
 garbage-first heap   total 58368K, used 32121K [0x0000000082000000, 0x0000000100000000)
  region size 1024K, 1 young (1024K), 1 survivors (1024K)
 Metaspace       used 51972K, committed 52224K, reserved 1097728K
  class space    used 6284K, committed 6400K, reserved 1048576K
}
Event: 9.246 GC heap before
{Heap before GC invocations=18 (full 0):
 garbage-first heap   total 58368K, used 46457K [0x0000000082000000, 0x0000000100000000)
  region size 1024K, 15 young (15360K), 1 survivors (1024K)
 Metaspace       used 52035K, committed 52288K, reserved 1097728K
  class space    used 6284K, committed 6400K, reserved 1048576K
}
Event: 9.249 GC heap after
{Heap after GC invocations=19 (full 0):
 garbage-first heap   total 58368K, used 32739K [0x0000000082000000, 0x0000000100000000)
  region size 1024K, 2 young (2048K), 2 survivors (2048K)
 Metaspace       used 52035K, committed 52288K, reserved 1097728K
  class space    used 6284K, committed 6400K, reserved 1048576K
}
Event: 9.500 GC heap before
{Heap before GC invocations=19 (full 0):
 garbage-first heap   total 58368K, used 46051K [0x0000000082000000, 0x0000000100000000)
  region size 1024K, 15 young (15360K), 2 survivors (2048K)
 Metaspace       used 52926K, committed 53248K, reserved 1097728K
  class space    used 6368K, committed 6528K, reserved 1048576K
}
Event: 9.506 GC heap after
{Heap after GC invocations=20 (full 0):
 garbage-first heap   total 92160K, used 33577K [0x0000000082000000, 0x0000000100000000)
  region size 1024K, 2 young (2048K), 2 survivors (2048K)
 Metaspace       used 52926K, committed 53248K, reserved 1097728K
  class space    used 6368K, committed 6528K, reserved 1048576K
}
Event: 11.195 GC heap before
{Heap before GC invocations=21 (full 0):
 garbage-first heap   total 92160K, used 69417K [0x0000000082000000, 0x0000000100000000)
  region size 1024K, 37 young (37888K), 2 survivors (2048K)
 Metaspace       used 56085K, committed 56448K, reserved 1105920K
  class space    used 6615K, committed 6784K, reserved 1048576K
}
Event: 11.215 GC heap after
{Heap after GC invocations=22 (full 0):
 garbage-first heap   total 92160K, used 38934K [0x0000000082000000, 0x0000000100000000)
  region size 1024K, 5 young (5120K), 5 survivors (5120K)
 Metaspace       used 56085K, committed 56448K, reserved 1105920K
  class space    used 6615K, committed 6784K, reserved 1048576K
}
Event: 11.944 GC heap before
{Heap before GC invocations=22 (full 0):
 garbage-first heap   total 92160K, used 69654K [0x0000000082000000, 0x0000000100000000)
  region size 1024K, 35 young (35840K), 5 survivors (5120K)
 Metaspace       used 57212K, committed 57536K, reserved 1105920K
  class space    used 6736K, committed 6912K, reserved 1048576K
}
Event: 11.966 GC heap after
{Heap after GC invocations=23 (full 0):
 garbage-first heap   total 92160K, used 43972K [0x0000000082000000, 0x0000000100000000)
  region size 1024K, 5 young (5120K), 5 survivors (5120K)
 Metaspace       used 57212K, committed 57536K, reserved 1105920K
  class space    used 6736K, committed 6912K, reserved 1048576K
}
Event: 13.561 GC heap before
{Heap before GC invocations=23 (full 0):
 garbage-first heap   total 92160K, used 70596K [0x0000000082000000, 0x0000000100000000)
  region size 1024K, 31 young (31744K), 5 survivors (5120K)
 Metaspace       used 62370K, committed 62656K, reserved 1105920K
  class space    used 7446K, committed 7552K, reserved 1048576K
}
Event: 13.577 GC heap after
{Heap after GC invocations=24 (full 0):
 garbage-first heap   total 92160K, used 46177K [0x0000000082000000, 0x0000000100000000)
  region size 1024K, 3 young (3072K), 3 survivors (3072K)
 Metaspace       used 62370K, committed 62656K, reserved 1105920K
  class space    used 7446K, committed 7552K, reserved 1048576K
}
Event: 15.086 GC heap before
{Heap before GC invocations=24 (full 0):
 garbage-first heap   total 92160K, used 72801K [0x0000000082000000, 0x0000000100000000)
  region size 1024K, 29 young (29696K), 3 survivors (3072K)
 Metaspace       used 64322K, committed 64640K, reserved 1114112K
  class space    used 7585K, committed 7744K, reserved 1048576K
}
Event: 15.105 GC heap after
{Heap after GC invocations=25 (full 0):
 garbage-first heap   total 110592K, used 50040K [0x0000000082000000, 0x0000000100000000)
  region size 1024K, 4 young (4096K), 4 survivors (4096K)
 Metaspace       used 64322K, committed 64640K, reserved 1114112K
  class space    used 7585K, committed 7744K, reserved 1048576K
}
Event: 17.447 GC heap before
{Heap before GC invocations=26 (full 0):
 garbage-first heap   total 110592K, used 85880K [0x0000000082000000, 0x0000000100000000)
  region size 1024K, 39 young (39936K), 4 survivors (4096K)
 Metaspace       used 66972K, committed 67264K, reserved 1114112K
  class space    used 7846K, committed 8000K, reserved 1048576K
}
Event: 17.468 GC heap after
{Heap after GC invocations=27 (full 0):
 garbage-first heap   total 110592K, used 54399K [0x0000000082000000, 0x0000000100000000)
  region size 1024K, 4 young (4096K), 4 survivors (4096K)
 Metaspace       used 66972K, committed 67264K, reserved 1114112K
  class space    used 7846K, committed 8000K, reserved 1048576K
}

Dll operation events (2 events):
Event: 0.018 Loaded shared library C:\Program Files\Android\Android Studio2\jbr\bin\java.dll
Event: 2.279 Loaded shared library C:\Program Files\Android\Android Studio2\jbr\bin\verify.dll

Deoptimization events (20 events):
Event: 18.738 Thread 0x000001c06d6cfc90 Uncommon trap: trap_request=0xffffffde fr.pc=0x000001c078965164 relative=0x0000000000000464
Event: 18.738 Thread 0x000001c06d6cfc90 Uncommon trap: reason=class_check action=maybe_recompile pc=0x000001c078965164 method=org.jetbrains.kotlin.resolve.calls.components.candidate.ResolutionCandidate.getResolutionSequence()Ljava/util/List; @ 7 c2
Event: 18.738 Thread 0x000001c06d6cfc90 DEOPT PACKING pc=0x000001c078965164 sp=0x000000a16c8f4e20
Event: 18.738 Thread 0x000001c06d6cfc90 DEOPT UNPACKING pc=0x000001c0781269a3 sp=0x000000a16c8f4d18 mode 2
Event: 18.738 Thread 0x000001c06d6cfc90 Uncommon trap: trap_request=0xffffffde fr.pc=0x000001c0788caebc relative=0x000000000000009c
Event: 18.738 Thread 0x000001c06d6cfc90 Uncommon trap: reason=class_check action=maybe_recompile pc=0x000001c0788caebc method=org.jetbrains.kotlin.resolve.calls.components.candidate.ResolutionCandidate.getResolutionSequence()Ljava/util/List; @ 7 c2
Event: 18.738 Thread 0x000001c06d6cfc90 DEOPT PACKING pc=0x000001c0788caebc sp=0x000000a16c8f4e40
Event: 18.738 Thread 0x000001c06d6cfc90 DEOPT UNPACKING pc=0x000001c0781269a3 sp=0x000000a16c8f4dc8 mode 2
Event: 18.738 Thread 0x000001c06d6cfc90 Uncommon trap: trap_request=0xffffffde fr.pc=0x000001c0788caebc relative=0x000000000000009c
Event: 18.738 Thread 0x000001c06d6cfc90 Uncommon trap: reason=class_check action=maybe_recompile pc=0x000001c0788caebc method=org.jetbrains.kotlin.resolve.calls.components.candidate.ResolutionCandidate.getResolutionSequence()Ljava/util/List; @ 7 c2
Event: 18.738 Thread 0x000001c06d6cfc90 DEOPT PACKING pc=0x000001c0788caebc sp=0x000000a16c8f4e40
Event: 18.738 Thread 0x000001c06d6cfc90 DEOPT UNPACKING pc=0x000001c0781269a3 sp=0x000000a16c8f4dc8 mode 2
Event: 18.738 Thread 0x000001c06d6cfc90 Uncommon trap: trap_request=0xffffffde fr.pc=0x000001c0788caebc relative=0x000000000000009c
Event: 18.738 Thread 0x000001c06d6cfc90 Uncommon trap: reason=class_check action=maybe_recompile pc=0x000001c0788caebc method=org.jetbrains.kotlin.resolve.calls.components.candidate.ResolutionCandidate.getResolutionSequence()Ljava/util/List; @ 7 c2
Event: 18.738 Thread 0x000001c06d6cfc90 DEOPT PACKING pc=0x000001c0788caebc sp=0x000000a16c8f4e40
Event: 18.738 Thread 0x000001c06d6cfc90 DEOPT UNPACKING pc=0x000001c0781269a3 sp=0x000000a16c8f4dc8 mode 2
Event: 18.738 Thread 0x000001c06d6cfc90 Uncommon trap: trap_request=0xffffffde fr.pc=0x000001c078965164 relative=0x0000000000000464
Event: 18.738 Thread 0x000001c06d6cfc90 Uncommon trap: reason=class_check action=maybe_recompile pc=0x000001c078965164 method=org.jetbrains.kotlin.resolve.calls.components.candidate.ResolutionCandidate.getResolutionSequence()Ljava/util/List; @ 7 c2
Event: 18.738 Thread 0x000001c06d6cfc90 DEOPT PACKING pc=0x000001c078965164 sp=0x000000a16c8f4e20
Event: 18.738 Thread 0x000001c06d6cfc90 DEOPT UNPACKING pc=0x000001c0781269a3 sp=0x000000a16c8f4d18 mode 2

Classes unloaded (0 events):
No events

Classes redefined (0 events):
No events

Internal exceptions (20 events):
Event: 11.398 Thread 0x000001c06d6cfc90 Exception <a 'java/lang/NoSuchMethodError'{0x00000000874a1768}: 'java.lang.Object java.lang.invoke.DirectMethodHandle$Holder.newInvokeSpecial(java.lang.Object, int, java.lang.Object)'> (0x00000000874a1768) 
thrown [s\src\hotspot\share\interpreter\linkResolver.cpp, line 771]
Event: 12.030 Thread 0x000001c06d6cfc90 Exception <a 'java/lang/NoSuchMethodError'{0x0000000087cac410}: 'int java.lang.invoke.DirectMethodHandle$Holder.invokeVirtual(java.lang.Object, java.lang.Object, java.lang.Object)'> (0x0000000087cac410) 
thrown [s\src\hotspot\share\interpreter\linkResolver.cpp, line 771]
Event: 12.191 Thread 0x000001c06d6cfc90 Exception <a 'java/lang/NoSuchMethodError'{0x0000000087478178}: 'java.lang.Object java.lang.invoke.DirectMethodHandle$Holder.invokeStatic(java.lang.Object, java.lang.Object, java.lang.Object, java.lang.Object, int)'> (0x0000000087478178) 
thrown [s\src\hotspot\share\interpreter\linkResolver.cpp, line 771]
Event: 12.195 Thread 0x000001c06d6cfc90 Exception <a 'java/lang/NoSuchMethodError'{0x00000000874824e8}: 'java.lang.Object java.lang.invoke.DirectMethodHandle$Holder.newInvokeSpecial(java.lang.Object, java.lang.Object, java.lang.Object, java.lang.Object, int)'> (0x00000000874824e8) 
thrown [s\src\hotspot\share\interpreter\linkResolver.cpp, line 771]
Event: 12.196 Thread 0x000001c06d6cfc90 Exception <a 'java/lang/NoSuchMethodError'{0x0000000087487018}: 'java.lang.Object java.lang.invoke.DirectMethodHandle$Holder.invokeSpecial(java.lang.Object, java.lang.Object, java.lang.Object, java.lang.Object, java.lang.Object, int)'> (0x0000000087487018) 
thrown [s\src\hotspot\share\interpreter\linkResolver.cpp, line 771]
Event: 12.196 Thread 0x000001c06d6cfc90 Exception <a 'java/lang/NoSuchMethodError'{0x000000008748b4f8}: 'java.lang.Object java.lang.invoke.Invokers$Holder.linkToTargetMethod(java.lang.Object, java.lang.Object, java.lang.Object, int, java.lang.Object)'> (0x000000008748b4f8) 
thrown [s\src\hotspot\share\interpreter\linkResolver.cpp, line 771]
Event: 12.292 Thread 0x000001c06d6cfc90 Exception <a 'java/lang/NoSuchMethodError'{0x0000000087254ff0}: 'void java.lang.invoke.DirectMethodHandle$Holder.invokeInterface(java.lang.Object, java.lang.Object)'> (0x0000000087254ff0) 
thrown [s\src\hotspot\share\interpreter\linkResolver.cpp, line 771]
Event: 12.371 Thread 0x000001c06d6cfc90 Exception <a 'java/lang/IncompatibleClassChangeError'{0x0000000087190548}: Found class java.lang.Object, but interface was expected> (0x0000000087190548) 
thrown [s\src\hotspot\share\interpreter\linkResolver.cpp, line 838]
Event: 12.530 Thread 0x000001c06d6cfc90 Exception <a 'java/lang/NoSuchMethodError'{0x0000000086e1ef60}: 'int java.lang.invoke.DirectMethodHandle$Holder.invokeStaticInit(java.lang.Object, int)'> (0x0000000086e1ef60) 
thrown [s\src\hotspot\share\interpreter\linkResolver.cpp, line 771]
Event: 12.607 Thread 0x000001c06d6cfc90 Implicit null exception at 0x000001c078688d55 to 0x000001c078689314
Event: 12.619 Thread 0x000001c06d6cfc90 Implicit null exception at 0x000001c07876ec9a to 0x000001c07876ee08
Event: 12.619 Thread 0x000001c06d6cfc90 Implicit null exception at 0x000001c0786e8058 to 0x000001c0786e80ea
Event: 12.656 Thread 0x000001c06d6cfc90 Exception <a 'java/lang/NoSuchMethodError'{0x0000000086c760e8}: 'java.lang.Object java.lang.invoke.DirectMethodHandle$Holder.invokeInterface(java.lang.Object, java.lang.Object, java.lang.Object)'> (0x0000000086c760e8) 
thrown [s\src\hotspot\share\interpreter\linkResolver.cpp, line 771]
Event: 12.656 Thread 0x000001c06d6cfc90 Exception <a 'java/lang/IncompatibleClassChangeError'{0x0000000086c79a58}: Found class java.lang.Object, but interface was expected> (0x0000000086c79a58) 
thrown [s\src\hotspot\share\interpreter\linkResolver.cpp, line 838]
Event: 12.680 Thread 0x000001c06d6cfc90 Implicit null exception at 0x000001c07868a6d2 to 0x000001c07868ac7c
Event: 12.683 Thread 0x000001c06d6cfc90 Implicit null exception at 0x000001c0786d068f to 0x000001c0786d0705
Event: 13.349 Thread 0x000001c06d6cfc90 Implicit null exception at 0x000001c0788daf27 to 0x000001c0788dc878
Event: 14.649 Thread 0x000001c06d6cfc90 Exception <a 'java/lang/NoSuchMethodError'{0x000000008655bec8}: 'java.lang.Object java.lang.invoke.DirectMethodHandle$Holder.newInvokeSpecial(java.lang.Object, java.lang.Object, java.lang.Object, java.lang.Object, java.lang.Object, java.lang.Object, java.lang.Object)'> (0x000000008655bec8) 
thrown [s\src\hotspot\share\interpreter\linkResolver.cpp, line 771]
Event: 14.649 Thread 0x000001c06d6cfc90 Exception <a 'java/lang/NoSuchMethodError'{0x0000000086561278}: 'java.lang.Object java.lang.invoke.Invokers$Holder.linkToTargetMethod(java.lang.Object, java.lang.Object, java.lang.Object, java.lang.Object, java.lang.Object, java.lang.Object, java.lang.Object)'> (0x0000000086561278) 
thrown [s\src\hotspot\share\interpreter\linkResolver.cpp, line 771]
Event: 16.884 Thread 0x000001c06d6cfc90 Implicit null exception at 0x000001c07892a856 to 0x000001c07892af94

VM Operations (20 events):
Event: 16.870 Executing VM operation: HandshakeAllThreads
Event: 16.870 Executing VM operation: HandshakeAllThreads done
Event: 16.882 Executing VM operation: HandshakeAllThreads
Event: 16.882 Executing VM operation: HandshakeAllThreads done
Event: 16.924 Executing VM operation: ICBufferFull
Event: 16.924 Executing VM operation: ICBufferFull done
Event: 17.096 Executing VM operation: HandshakeAllThreads
Event: 17.096 Executing VM operation: HandshakeAllThreads done
Event: 17.166 Executing VM operation: HandshakeAllThreads
Event: 17.166 Executing VM operation: HandshakeAllThreads done
Event: 17.198 Executing VM operation: ICBufferFull
Event: 17.199 Executing VM operation: ICBufferFull done
Event: 17.447 Executing VM operation: G1CollectForAllocation
Event: 17.468 Executing VM operation: G1CollectForAllocation done
Event: 17.819 Executing VM operation: ICBufferFull
Event: 17.819 Executing VM operation: ICBufferFull done
Event: 18.294 Executing VM operation: ICBufferFull
Event: 18.294 Executing VM operation: ICBufferFull done
Event: 18.743 Executing VM operation: ICBufferFull
Event: 18.744 Executing VM operation: ICBufferFull done

Events (20 events):
Event: 14.086 Thread 0x000001c00844bd50 flushing nmethod 0x000001c0717ef710
Event: 14.086 Thread 0x000001c00844bd50 flushing nmethod 0x000001c0717f7d90
Event: 14.086 Thread 0x000001c00844bd50 flushing nmethod 0x000001c0717f8510
Event: 14.086 Thread 0x000001c00844bd50 flushing nmethod 0x000001c071807610
Event: 14.086 Thread 0x000001c00844bd50 flushing nmethod 0x000001c071841190
Event: 14.086 Thread 0x000001c00844bd50 flushing nmethod 0x000001c071841510
Event: 14.087 Thread 0x000001c00844bd50 flushing nmethod 0x000001c07186e510
Event: 14.087 Thread 0x000001c00844bd50 flushing nmethod 0x000001c0718d6090
Event: 14.087 Thread 0x000001c00844bd50 flushing nmethod 0x000001c0718d9390
Event: 14.087 Thread 0x000001c00844bd50 flushing nmethod 0x000001c0718ec410
Event: 14.087 Thread 0x000001c00844bd50 flushing nmethod 0x000001c071906390
Event: 14.087 Thread 0x000001c00844bd50 flushing nmethod 0x000001c07190f310
Event: 14.087 Thread 0x000001c00844bd50 flushing nmethod 0x000001c07191fc90
Event: 14.088 Thread 0x000001c00844bd50 flushing nmethod 0x000001c07193e190
Event: 14.088 Thread 0x000001c00844bd50 flushing nmethod 0x000001c071946410
Event: 14.088 Thread 0x000001c00844bd50 flushing nmethod 0x000001c071947110
Event: 17.615 loading class java/security/CodeSigner
Event: 17.615 loading class java/security/CodeSigner done
Event: 18.955 loading class java/util/Collections$CopiesList
Event: 18.955 loading class java/util/Collections$CopiesList done


Dynamic libraries:
0x00007ff672be0000 - 0x00007ff672bea000 	C:\Program Files\Android\Android Studio2\jbr\bin\java.exe
0x00007ffc85870000 - 0x00007ffc85a67000 	C:\Windows\SYSTEM32\ntdll.dll
0x00007ffc84cf0000 - 0x00007ffc84dad000 	C:\Windows\System32\KERNEL32.DLL
0x00007ffc83380000 - 0x00007ffc83676000 	C:\Windows\System32\KERNELBASE.dll
0x00007ffc83680000 - 0x00007ffc83780000 	C:\Windows\System32\ucrtbase.dll
0x00007ffc58470000 - 0x00007ffc58487000 	C:\Program Files\Android\Android Studio2\jbr\bin\jli.dll
0x00007ffc85270000 - 0x00007ffc8540e000 	C:\Windows\System32\USER32.dll
0x00007ffc83780000 - 0x00007ffc837a2000 	C:\Windows\System32\win32u.dll
0x00007ffc84cb0000 - 0x00007ffc84cdc000 	C:\Windows\System32\GDI32.dll
0x00007ffc837b0000 - 0x00007ffc838ca000 	C:\Windows\System32\gdi32full.dll
0x00007ffc58280000 - 0x00007ffc5829b000 	C:\Program Files\Android\Android Studio2\jbr\bin\VCRUNTIME140.dll
0x00007ffc832e0000 - 0x00007ffc8337d000 	C:\Windows\System32\msvcp_win.dll
0x00007ffc64680000 - 0x00007ffc6491a000 	C:\Windows\WinSxS\amd64_microsoft.windows.common-controls_6595b64144ccf1df_6.0.19041.3570_none_60bb2a3971f3e41a\COMCTL32.dll
0x00007ffc83980000 - 0x00007ffc83a1e000 	C:\Windows\System32\msvcrt.dll
0x00007ffc857a0000 - 0x00007ffc857d0000 	C:\Windows\System32\IMM32.DLL
0x00007ffc7d850000 - 0x00007ffc7d85c000 	C:\Program Files\Android\Android Studio2\jbr\bin\vcruntime140_1.dll
0x00007ffc2a160000 - 0x00007ffc2a1ed000 	C:\Program Files\Android\Android Studio2\jbr\bin\msvcp140.dll
0x00007ffbb7bd0000 - 0x00007ffbb883e000 	C:\Program Files\Android\Android Studio2\jbr\bin\server\jvm.dll
0x00007ffc85090000 - 0x00007ffc8513e000 	C:\Windows\System32\ADVAPI32.dll
0x00007ffc85540000 - 0x00007ffc855dc000 	C:\Windows\System32\sechost.dll
0x00007ffc855e0000 - 0x00007ffc85706000 	C:\Windows\System32\RPCRT4.dll
0x00007ffc78040000 - 0x00007ffc78049000 	C:\Windows\SYSTEM32\WSOCK32.dll
0x00007ffc85470000 - 0x00007ffc854db000 	C:\Windows\System32\WS2_32.dll
0x00007ffc770b0000 - 0x00007ffc770d7000 	C:\Windows\SYSTEM32\WINMM.dll
0x00007ffc7ad40000 - 0x00007ffc7ad4a000 	C:\Windows\SYSTEM32\VERSION.dll
0x00007ffc80db0000 - 0x00007ffc80dc2000 	C:\Windows\SYSTEM32\kernel.appcore.dll
0x00007ffc7cdf0000 - 0x00007ffc7cdfa000 	C:\Program Files\Android\Android Studio2\jbr\bin\jimage.dll
0x00007ffc795b0000 - 0x00007ffc79794000 	C:\Windows\SYSTEM32\DBGHELP.DLL
0x00007ffc79530000 - 0x00007ffc79564000 	C:\Windows\SYSTEM32\dbgcore.DLL
0x00007ffc83080000 - 0x00007ffc83102000 	C:\Windows\System32\bcryptPrimitives.dll
0x00007ffc5d100000 - 0x00007ffc5d125000 	C:\Program Files\Android\Android Studio2\jbr\bin\java.dll
0x00007ffc5d0e0000 - 0x00007ffc5d0f8000 	C:\Program Files\Android\Android Studio2\jbr\bin\zip.dll
0x00007ffc83b50000 - 0x00007ffc84294000 	C:\Windows\System32\SHELL32.dll
0x00007ffc80fb0000 - 0x00007ffc8174b000 	C:\Windows\SYSTEM32\windows.storage.dll
0x00007ffc842a0000 - 0x00007ffc845f4000 	C:\Windows\System32\combase.dll
0x00007ffc82840000 - 0x00007ffc8286d000 	C:\Windows\SYSTEM32\Wldp.dll
0x00007ffc838d0000 - 0x00007ffc8397d000 	C:\Windows\System32\SHCORE.dll
0x00007ffc83a20000 - 0x00007ffc83a75000 	C:\Windows\System32\shlwapi.dll
0x00007ffc82e80000 - 0x00007ffc82ea5000 	C:\Windows\SYSTEM32\profapi.dll
0x00007ffc584b0000 - 0x00007ffc584c9000 	C:\Program Files\Android\Android Studio2\jbr\bin\net.dll
0x00007ffc78dd0000 - 0x00007ffc78eda000 	C:\Windows\SYSTEM32\WINHTTP.dll
0x00007ffc825c0000 - 0x00007ffc8262a000 	C:\Windows\system32\mswsock.dll
0x00007ffc58490000 - 0x00007ffc584a6000 	C:\Program Files\Android\Android Studio2\jbr\bin\nio.dll
0x00007ffc7cde0000 - 0x00007ffc7cdf0000 	C:\Program Files\Android\Android Studio2\jbr\bin\verify.dll

dbghelp: loaded successfully - version: 4.0.5 - missing functions: none
symbol engine: initialized successfully - sym options: 0x614 - pdb path: .;C:\Program Files\Android\Android Studio2\jbr\bin;C:\Windows\SYSTEM32;C:\Windows\WinSxS\amd64_microsoft.windows.common-controls_6595b64144ccf1df_6.0.19041.3570_none_60bb2a3971f3e41a;C:\Program Files\Android\Android Studio2\jbr\bin\server

VM Arguments:
java_command: org.jetbrains.kotlin.cli.jvm.K2JVMCompiler @D:\ChPI\Diplom\game_ui\build\20231113_13942156885884000445.compiler.options
java_class_path (initial): C:\Users\linar\.gradle\caches\modules-2\files-2.1\org.jetbrains.kotlin\kotlin-compiler-embeddable\1.6.21\97bdd5a752ce73b58ef16c17bc7f0ea2faff7a2e\kotlin-compiler-embeddable-1.6.21.jar;C:\Users\linar\.gradle\caches\modules-2\files-2.1\org.jetbrains.kotlin\kotlin-reflect\1.6.21\5dc3574d9b7bebfcb4ec6b10ada4aaa9e140bd0b\kotlin-reflect-1.6.21.jar;C:\Users\linar\.gradle\caches\modules-2\files-2.1\org.jetbrains.kotlin\kotlin-stdlib\1.6.21\11ef67f1900634fd951bad28c53ec957fabbe5b8\kotlin-stdlib-1.6.21.jar;C:\Users\linar\.gradle\caches\modules-2\files-2.1\org.jetbrains.kotlin\kotlin-script-runtime\1.6.21\99c6675100da5d6d5b1c5a1032f27f28008d101b\kotlin-script-runtime-1.6.21.jar;C:\Users\linar\.gradle\caches\modules-2\files-2.1\org.jetbrains.kotlin\kotlin-daemon-embeddable\1.6.21\46b78cf392e1c4f10854c3cadba44abb7b82250f\kotlin-daemon-embeddable-1.6.21.jar;C:\Users\linar\.gradle\caches\modules-2\files-2.1\org.jetbrains.intellij.deps\trove4j\1.0.20200330\3afb14d5f9ceb459d724e907a21145e8ff394f02\trove4j-1.0.20200330.jar;C:\Users\linar\.gradle\caches\modules-2\files-2.1\net.java.dev.jna\jna\5.6.0\330f2244e9030119ab3030fc3fededc86713d9cc\jna-5.6.0.jar;C:\Users\linar\.gradle\caches\modules-2\files-2.1\org.jetbrains.kotlin\kotlin-stdlib-common\1.6.21\5e5b55c26dbc80372a920aef60eb774b714559b8\kotlin-stdlib-common-1.6.21.jar;C:\Users\linar\.gradle\caches\modules-2\files-2.1\org.jetbrains\annotations\13.0\919f0dfe192fb4e063e7dacadee7f8bb9a2672a9\annotations-13.0.jar
Launcher Type: SUN_STANDARD

[Global flags]
     intx CICompilerCount                          = 4                                         {product} {ergonomic}
     uint ConcGCThreads                            = 3                                         {product} {ergonomic}
     uint G1ConcRefinementThreads                  = 10                                        {product} {ergonomic}
   size_t G1HeapRegionSize                         = 1048576                                   {product} {ergonomic}
    uintx GCDrainStackTargetSize                   = 64                                        {product} {ergonomic}
   size_t InitialHeapSize                          = 132120576                                 {product} {ergonomic}
   size_t MarkStackSize                            = 4194304                                   {product} {ergonomic}
   size_t MaxHeapSize                              = 2113929216                                {product} {ergonomic}
   size_t MaxNewSize                               = 1267728384                                {product} {ergonomic}
   size_t MinHeapDeltaBytes                        = 1048576                                   {product} {ergonomic}
   size_t MinHeapSize                              = 8388608                                   {product} {ergonomic}
    uintx NonNMethodCodeHeapSize                   = 5839372                                {pd product} {ergonomic}
    uintx NonProfiledCodeHeapSize                  = 122909434                              {pd product} {ergonomic}
    uintx ProfiledCodeHeapSize                     = 122909434                              {pd product} {ergonomic}
    uintx ReservedCodeCacheSize                    = 251658240                              {pd product} {ergonomic}
     bool SegmentedCodeCache                       = true                                      {product} {ergonomic}
   size_t SoftMaxHeapSize                          = 2113929216                             {manageable} {ergonomic}
     bool UseCompressedClassPointers               = true                           {product lp64_product} {ergonomic}
     bool UseCompressedOops                        = true                           {product lp64_product} {ergonomic}
     bool UseG1GC                                  = true                                      {product} {ergonomic}
     bool UseLargePagesIndividualAllocation        = false                                  {pd product} {ergonomic}

Logging:
Log output configuration:
 #0: stdout all=warning uptime,level,tags
 #1: stderr all=off uptime,level,tags

Environment Variables:
JAVA_HOME=C:\Program Files\Java\jdk-17
PATH=C:\Program Files (x86)\Microsoft\Edge\Application;C:\Program Files\Python\Scripts\;C:\Program Files\Python\;C:\Program Files\Common Files\Oracle\Java\javapath;C:\Program Files (x86)\RSA SecurID Token Common;C:\Program Files\RSA SecurID Token Common;C:\Program Files (x86)\Common Files\Intel\Shared Libraries\redist\intel64\compiler;C:\Program Files (x86)\Common Files\Oracle\Java\javapath;C:\Program Files (x86)\NVIDIA Corporation\PhysX\Common;C:\Windows\system32;C:\Windows;C:\Windows\System32\Wbem;C:\Windows\System32\WindowsPowerShell\v1.0\;C:\Windows\System32\OpenSSH\;C:\Program Files\Microsoft SQL Server\Client SDK\ODBC\110\Tools\Binn\;C:\Program Files (x86)\Microsoft SQL Server\120\Tools\Binn\;C:\Program Files\Microsoft SQL Server\120\Tools\Binn\;C:\Program Files\Microsoft SQL Server\120\DTS\Binn\;C:\Program Files (x86)\Windows Kits\8.1\Windows Performance Toolkit\;C:\Program Files (x86)\dotnet\;C:\Program Files\Git\cmd;C:\Program Files\MySQL\MySQL Server 8.0\bin;C:\Program Files\Docker\Docker\resources\bin;D:\bazel;C:\Program Files\Microsoft SQL Server\140\Tools\Binn\;C:\Program Files\nodejs\;C:\Users\linar\AppData\Local\Programs\Python\Launcher\;C:\Program Files (x86)\RSA SecurID Token Common;C:\Program Files\RSA SecurID Token Common;C:\Program Files (x86)\Common Files\Intel\Shared Libraries\redist\intel64\compiler;C:\Program Files (x86)\Common Files\Oracle\Java\javapath;C:\Program Files (x86)\NVIDIA Corporation\PhysX\Common;C:\Windows\system32;C:\Windows;C:\Windows\System32\Wbem;C:\Windows\System32\WindowsPowerShell\v1.0\;C:\Windows\System32\OpenSSH\;C:\Program Files\Microsoft SQL Server\Client SDK\ODBC\110\Tools\Binn\;C:\Program Files (x86)\Microsoft SQL Server\120\Tools\Binn\;C:\Program Files\Microsoft SQL Server\120\Tools\Binn\;C:\Program Files\Microsoft SQL Server\120\DTS\Binn\;C:\Program Files (x86)\Windows Kits\8.1\Windows Performance Toolkit\;C:\Program Files (x86)\dotnet\;C:\Program Files\Git\cmd;C:\Program Files\nodejs\;C:\Program Files\MySQL\MySQL Ser
USERNAME=Lina
OS=Windows_NT
PROCESSOR_IDENTIFIER=AMD64 Family 23 Model 96 Stepping 1, AuthenticAMD
TMP=C:\Users\linar\AppData\Local\Temp
TEMP=C:\Users\linar\AppData\Local\Temp


JNI global refs:
JNI global refs: 11, weak refs: 26

JNI global refs memory usage: 843, weak refs: 841


---------------  S Y S T E M  ---------------

OS:
 Windows 10 , 64 bit Build 19041 (10.0.19041.3570)
OS uptime: 14 days 12:34 hours
Hyper-V role detected

CPU: total 12 (initial active 12) (12 cores per cpu, 2 threads per core) family 23 model 96 stepping 1 microcode 0x0, cx8, cmov, fxsr, ht, mmx, 3dnowpref, sse, sse2, sse3, ssse3, sse4a, sse4.1, sse4.2, popcnt, lzcnt, tsc, tscinvbit, avx, avx2, aes, clmul, bmi1, bmi2, adx, sha, fma, vzeroupper, clflush, clflushopt, hv

Memory: 4k page, system-wide physical 8061M (129M free)
TotalPageFile size 32637M (AvailPageFile size 2M)
current process WorkingSet (physical memory assigned to process): 268M, peak: 273M
current process commit charge ("private bytes"): 325M, peak: 330M

vm_info: OpenJDK 64-Bit Server VM (17.0.6+0-b2043.56-10027231) for windows-amd64 JRE (17.0.6+0-b2043.56-10027231), built on Apr 28 2023 00:43:19 by "androidbuild" with MS VC++ 16.10 / 16.11 (VS2019)

END.
