#
# There is insufficient memory for the Java Runtime Environment to continue.
# Native memory allocation (malloc) failed to allocate 1056544 bytes for Chunk::new
# Possible reasons:
#   The system is out of physical RAM or swap space
#   The process is running with CompressedOops enabled, and the Java Heap may be blocking the growth of the native heap
# Possible solutions:
#   Reduce memory load on the system
#   Increase physical memory or swap space
#   Check if swap backing store is full
#   Decrease Java heap size (-Xmx/-Xms)
#   Decrease number of Java threads
#   Decrease Java thread stack sizes (-Xss)
#   Set larger code cache with -XX:ReservedCodeCacheSize=
#   JVM is running with Unscaled Compressed Oops mode in which the Java heap is
#     placed in the first 4GB address space. The Java Heap base address is the
#     maximum limit for the native heap growth. Please use -XX:HeapBaseMinAddress
#     to set the Java Heap base and to place the Java Heap above 4GB virtual address.
# This output file may be truncated or incomplete.
#
#  Out of Memory Error (arena.cpp:189), pid=15012, tid=4172
#
# JRE version: OpenJDK Runtime Environment (17.0.6) (build 17.0.6+0-b2043.56-10027231)
# Java VM: OpenJDK 64-Bit Server VM (17.0.6+0-b2043.56-10027231, mixed mode, tiered, compressed oops, compressed class ptrs, g1 gc, windows-amd64)
# No core dump will be written. Minidumps are not enabled by default on client versions of Windows
#

---------------  S U M M A R Y ------------

Command Line: org.jetbrains.kotlin.cli.jvm.K2JVMCompiler @D:\ChPI\Diplom\add_new_card_ui\build\20231113_10960397451796917975.compiler.options

Host: AMD Ryzen 5 4600H with Radeon Graphics         , 12 cores, 7G,  Windows 10 , 64 bit Build 19041 (10.0.19041.3570)
Time: Mon Nov 13 13:28:52 2023 GMT Standard Time elapsed time: 19.128299 seconds (0d 0h 0m 19s)

---------------  T H R E A D  ---------------

Current thread (0x0000020eb6855d50):  JavaThread "C2 CompilerThread0" daemon [_thread_in_native, id=4172, stack(0x00000095db100000,0x00000095db200000)]


Current CompileTask:
C2:  19128 10403       4       java.lang.ClassLoader::loadClass (7 bytes)

Stack: [0x00000095db100000,0x00000095db200000]
Native frames: (J=compiled Java code, j=interpreted, Vv=VM code, C=native code)
V  [jvm.dll+0x683c9a]
V  [jvm.dll+0x8427a4]
V  [jvm.dll+0x843f9e]
V  [jvm.dll+0x844603]
V  [jvm.dll+0x249b75]
V  [jvm.dll+0xabcac]
V  [jvm.dll+0xac27c]
V  [jvm.dll+0x368857]
V  [jvm.dll+0x1bd0b8]
V  [jvm.dll+0x21c359]
V  [jvm.dll+0x21b621]
V  [jvm.dll+0x1a4fdd]
V  [jvm.dll+0x22b098]
V  [jvm.dll+0x229159]
V  [jvm.dll+0x7f81ec]
V  [jvm.dll+0x7f274a]
V  [jvm.dll+0x682ad5]
C  [ucrtbase.dll+0x21bb2]
C  [KERNEL32.DLL+0x17344]
C  [ntdll.dll+0x526b1]


---------------  P R O C E S S  ---------------

Threads class SMR info:
_java_thread_list=0x0000020eb69bcf10, length=12, elements={
0x0000020e99d31e10, 0x0000020eb5e2ee40, 0x0000020eb5e305e0, 0x0000020eb683b820,
0x0000020eb683c2e0, 0x0000020eb683f350, 0x0000020eb683fc10, 0x0000020eb6855d50,
0x0000020eb6856310, 0x0000020eb6857b50, 0x0000020eb69ab9c0, 0x0000020eb69bf040
}

Java Threads: ( => current thread )
  0x0000020e99d31e10 JavaThread "main" [_thread_in_native, id=19576, stack(0x00000095da400000,0x00000095da500000)]
  0x0000020eb5e2ee40 JavaThread "Reference Handler" daemon [_thread_blocked, id=21192, stack(0x00000095dab00000,0x00000095dac00000)]
  0x0000020eb5e305e0 JavaThread "Finalizer" daemon [_thread_blocked, id=12820, stack(0x00000095dac00000,0x00000095dad00000)]
  0x0000020eb683b820 JavaThread "Signal Dispatcher" daemon [_thread_blocked, id=9164, stack(0x00000095dad00000,0x00000095dae00000)]
  0x0000020eb683c2e0 JavaThread "Attach Listener" daemon [_thread_blocked, id=25996, stack(0x00000095dae00000,0x00000095daf00000)]
  0x0000020eb683f350 JavaThread "Service Thread" daemon [_thread_blocked, id=3120, stack(0x00000095daf00000,0x00000095db000000)]
  0x0000020eb683fc10 JavaThread "Monitor Deflation Thread" daemon [_thread_blocked, id=13160, stack(0x00000095db000000,0x00000095db100000)]
=>0x0000020eb6855d50 JavaThread "C2 CompilerThread0" daemon [_thread_in_native, id=4172, stack(0x00000095db100000,0x00000095db200000)]
  0x0000020eb6856310 JavaThread "C1 CompilerThread0" daemon [_thread_blocked, id=1368, stack(0x00000095db200000,0x00000095db300000)]
  0x0000020eb6857b50 JavaThread "Sweeper thread" daemon [_thread_blocked, id=19640, stack(0x00000095db300000,0x00000095db400000)]
  0x0000020eb69ab9c0 JavaThread "Notification Thread" daemon [_thread_blocked, id=6180, stack(0x00000095db400000,0x00000095db500000)]
  0x0000020eb69bf040 JavaThread "Common-Cleaner" daemon [_thread_blocked, id=25972, stack(0x00000095db600000,0x00000095db700000)]

Other Threads:
  0x0000020eb5e272a0 VMThread "VM Thread" [stack: 0x00000095daa00000,0x00000095dab00000] [id=12236]
  0x0000020eb69acac0 WatcherThread [stack: 0x00000095db500000,0x00000095db600000] [id=15868]
  0x0000020e99d8cec0 GCTaskThread "GC Thread#0" [stack: 0x00000095da500000,0x00000095da600000] [id=14868]
  0x0000020eb6e7cea0 GCTaskThread "GC Thread#1" [stack: 0x00000095db700000,0x00000095db800000] [id=9888]
  0x0000020eb6e7fc90 GCTaskThread "GC Thread#2" [stack: 0x00000095db800000,0x00000095db900000] [id=23296]
  0x0000020eb6f4a610 GCTaskThread "GC Thread#3" [stack: 0x00000095db900000,0x00000095dba00000] [id=11564]
  0x0000020eb6f64280 GCTaskThread "GC Thread#4" [stack: 0x00000095dba00000,0x00000095dbb00000] [id=19488]
  0x0000020eb6f7f360 GCTaskThread "GC Thread#5" [stack: 0x00000095dbb00000,0x00000095dbc00000] [id=5328]
  0x0000020eb7349860 GCTaskThread "GC Thread#6" [stack: 0x00000095dbc00000,0x00000095dbd00000] [id=21844]
  0x0000020eb7349b10 GCTaskThread "GC Thread#7" [stack: 0x00000095dbd00000,0x00000095dbe00000] [id=19652]
  0x0000020eb734a0c0 GCTaskThread "GC Thread#8" [stack: 0x00000095dbe00000,0x00000095dbf00000] [id=10272]
  0x0000020eb734a8d0 GCTaskThread "GC Thread#9" [stack: 0x00000095dc100000,0x00000095dc200000] [id=10412]
  0x0000020e99d9d910 ConcurrentGCThread "G1 Main Marker" [stack: 0x00000095da600000,0x00000095da700000] [id=11024]
  0x0000020e99da09f0 ConcurrentGCThread "G1 Conc#0" [stack: 0x00000095da700000,0x00000095da800000] [id=3360]
  0x0000020eb734a370 ConcurrentGCThread "G1 Conc#1" [stack: 0x00000095dbf00000,0x00000095dc000000] [id=3904]
  0x0000020eb734a620 ConcurrentGCThread "G1 Conc#2" [stack: 0x00000095dc000000,0x00000095dc100000] [id=26548]
  0x0000020eb5c924c0 ConcurrentGCThread "G1 Refine#0" [stack: 0x00000095da800000,0x00000095da900000] [id=23060]
  0x0000020eb5c92df0 ConcurrentGCThread "G1 Service" [stack: 0x00000095da900000,0x00000095daa00000] [id=24208]

Threads with active compile tasks:
C2 CompilerThread0    19159 10403       4       java.lang.ClassLoader::loadClass (7 bytes)

VM state: not at safepoint (normal execution)

VM Mutex/Monitor currently owned by a thread: None

Heap address: 0x0000000082000000, size: 2016 MB, Compressed Oops mode: 32-bit

CDS archive(s) not mapped
Compressed class space mapped at: 0x0000000100000000-0x0000000140000000, reserved size: 1073741824
Narrow klass base: 0x0000000000000000, Narrow klass shift: 3, Narrow klass range: 0x140000000

GC Precious Log:
 CPUs: 12 total, 12 available
 Memory: 8061M
 Large Page Support: Disabled
 NUMA Support: Disabled
 Compressed Oops: Enabled (32-bit)
 Heap Region Size: 1M
 Heap Min Capacity: 8M
 Heap Initial Capacity: 126M
 Heap Max Capacity: 2016M
 Pre-touch: Disabled
 Parallel Workers: 10
 Concurrent Workers: 3
 Concurrent Refinement Workers: 10
 Periodic GC: Disabled

Heap:
 garbage-first heap   total 102400K, used 71596K [0x0000000082000000, 0x0000000100000000)
  region size 1024K, 19 young (19456K), 2 survivors (2048K)
 Metaspace       used 70529K, committed 70848K, reserved 1114112K
  class space    used 8098K, committed 8256K, reserved 1048576K

Heap Regions: E=young(eden), S=young(survivor), O=old, HS=humongous(starts), HC=humongous(continues), CS=collection set, F=free, OA=open archive, CA=closed archive, TAMS=top-at-mark-start (previous, next)
|   0|0x0000000082000000, 0x0000000082100000, 0x0000000082100000|100%|HS|  |TAMS 0x0000000082100000, 0x0000000082000000| Complete 
|   1|0x0000000082100000, 0x0000000082200000, 0x0000000082200000|100%|HC|  |TAMS 0x0000000082200000, 0x0000000082100000| Complete 
|   2|0x0000000082200000, 0x0000000082300000, 0x0000000082300000|100%|HC|  |TAMS 0x0000000082300000, 0x0000000082200000| Complete 
|   3|0x0000000082300000, 0x0000000082400000, 0x0000000082400000|100%| O|  |TAMS 0x0000000082400000, 0x0000000082300000| Untracked 
|   4|0x0000000082400000, 0x0000000082500000, 0x0000000082500000|100%| O|  |TAMS 0x0000000082500000, 0x0000000082400000| Untracked 
|   5|0x0000000082500000, 0x0000000082600000, 0x0000000082600000|100%| O|  |TAMS 0x0000000082600000, 0x0000000082500000| Untracked 
|   6|0x0000000082600000, 0x0000000082700000, 0x0000000082700000|100%|HS|  |TAMS 0x0000000082700000, 0x0000000082600000| Complete 
|   7|0x0000000082700000, 0x0000000082800000, 0x0000000082800000|100%|HC|  |TAMS 0x0000000082800000, 0x0000000082700000| Complete 
|   8|0x0000000082800000, 0x0000000082900000, 0x0000000082900000|100%|HC|  |TAMS 0x0000000082900000, 0x0000000082800000| Complete 
|   9|0x0000000082900000, 0x0000000082a00000, 0x0000000082a00000|100%| O|  |TAMS 0x0000000082a00000, 0x0000000082900000| Untracked 
|  10|0x0000000082a00000, 0x0000000082b00000, 0x0000000082b00000|100%| O|  |TAMS 0x0000000082b00000, 0x0000000082a00000| Untracked 
|  11|0x0000000082b00000, 0x0000000082c00000, 0x0000000082c00000|100%| O|  |TAMS 0x0000000082c00000, 0x0000000082b00000| Untracked 
|  12|0x0000000082c00000, 0x0000000082d00000, 0x0000000082d00000|100%| O|  |TAMS 0x0000000082d00000, 0x0000000082c00000| Untracked 
|  13|0x0000000082d00000, 0x0000000082e00000, 0x0000000082e00000|100%| O|  |TAMS 0x0000000082e00000, 0x0000000082d00000| Untracked 
|  14|0x0000000082e00000, 0x0000000082f00000, 0x0000000082f00000|100%| O|  |TAMS 0x0000000082f00000, 0x0000000082e00000| Untracked 
|  15|0x0000000082f00000, 0x0000000083000000, 0x0000000083000000|100%| O|  |TAMS 0x0000000083000000, 0x0000000082f00000| Untracked 
|  16|0x0000000083000000, 0x0000000083100000, 0x0000000083100000|100%| O|  |TAMS 0x0000000083100000, 0x0000000083000000| Untracked 
|  17|0x0000000083100000, 0x0000000083200000, 0x0000000083200000|100%| O|  |TAMS 0x0000000083200000, 0x0000000083100000| Untracked 
|  18|0x0000000083200000, 0x0000000083300000, 0x0000000083300000|100%| O|  |TAMS 0x0000000083300000, 0x0000000083200000| Untracked 
|  19|0x0000000083300000, 0x0000000083400000, 0x0000000083400000|100%| O|  |TAMS 0x0000000083400000, 0x0000000083300000| Untracked 
|  20|0x0000000083400000, 0x0000000083500000, 0x0000000083500000|100%| O|  |TAMS 0x0000000083500000, 0x0000000083400000| Untracked 
|  21|0x0000000083500000, 0x0000000083600000, 0x0000000083600000|100%| O|  |TAMS 0x0000000083600000, 0x0000000083500000| Untracked 
|  22|0x0000000083600000, 0x0000000083700000, 0x0000000083700000|100%|HS|  |TAMS 0x0000000083700000, 0x0000000083600000| Complete 
|  23|0x0000000083700000, 0x0000000083800000, 0x0000000083800000|100%|HC|  |TAMS 0x0000000083800000, 0x0000000083700000| Complete 
|  24|0x0000000083800000, 0x0000000083900000, 0x0000000083900000|100%| O|  |TAMS 0x0000000083900000, 0x0000000083800000| Untracked 
|  25|0x0000000083900000, 0x0000000083a00000, 0x0000000083a00000|100%| O|  |TAMS 0x0000000083a00000, 0x0000000083900000| Complete 
|  26|0x0000000083a00000, 0x0000000083b00000, 0x0000000083b00000|100%| O|  |TAMS 0x0000000083b00000, 0x0000000083a00000| Untracked 
|  27|0x0000000083b00000, 0x0000000083c00000, 0x0000000083c00000|100%| O|  |TAMS 0x0000000083c00000, 0x0000000083b00000| Untracked 
|  28|0x0000000083c00000, 0x0000000083d00000, 0x0000000083d00000|100%| O|  |TAMS 0x0000000083d00000, 0x0000000083c00000| Untracked 
|  29|0x0000000083d00000, 0x0000000083e00000, 0x0000000083e00000|100%| O|  |TAMS 0x0000000083e00000, 0x0000000083d00000| Untracked 
|  30|0x0000000083e00000, 0x0000000083f00000, 0x0000000083f00000|100%| O|  |TAMS 0x0000000083f00000, 0x0000000083e00000| Untracked 
|  31|0x0000000083f00000, 0x0000000084000000, 0x0000000084000000|100%| O|  |TAMS 0x0000000084000000, 0x0000000083f00000| Untracked 
|  32|0x0000000084000000, 0x0000000084100000, 0x0000000084100000|100%| O|  |TAMS 0x0000000084100000, 0x0000000084000000| Untracked 
|  33|0x0000000084100000, 0x0000000084200000, 0x0000000084200000|100%| O|  |TAMS 0x0000000084200000, 0x0000000084100000| Untracked 
|  34|0x0000000084200000, 0x0000000084300000, 0x0000000084300000|100%| O|  |TAMS 0x0000000084300000, 0x0000000084200000| Untracked 
|  35|0x0000000084300000, 0x0000000084400000, 0x0000000084400000|100%| O|  |TAMS 0x0000000084400000, 0x0000000084300000| Untracked 
|  36|0x0000000084400000, 0x0000000084500000, 0x0000000084500000|100%| O|  |TAMS 0x0000000084500000, 0x0000000084400000| Untracked 
|  37|0x0000000084500000, 0x0000000084600000, 0x0000000084600000|100%| O|  |TAMS 0x0000000084600000, 0x0000000084500000| Untracked 
|  38|0x0000000084600000, 0x0000000084700000, 0x0000000084700000|100%| O|  |TAMS 0x0000000084700000, 0x0000000084600000| Untracked 
|  39|0x0000000084700000, 0x0000000084800000, 0x0000000084800000|100%| O|  |TAMS 0x0000000084800000, 0x0000000084700000| Untracked 
|  40|0x0000000084800000, 0x0000000084900000, 0x0000000084900000|100%| O|  |TAMS 0x0000000084900000, 0x0000000084800000| Untracked 
|  41|0x0000000084900000, 0x0000000084a00000, 0x0000000084a00000|100%| O|  |TAMS 0x0000000084a00000, 0x0000000084900000| Untracked 
|  42|0x0000000084a00000, 0x0000000084b00000, 0x0000000084b00000|100%| O|  |TAMS 0x0000000084b00000, 0x0000000084a00000| Untracked 
|  43|0x0000000084b00000, 0x0000000084c00000, 0x0000000084c00000|100%| O|  |TAMS 0x0000000084c00000, 0x0000000084b00000| Untracked 
|  44|0x0000000084c00000, 0x0000000084d00000, 0x0000000084d00000|100%| O|  |TAMS 0x0000000084d00000, 0x0000000084c00000| Untracked 
|  45|0x0000000084d00000, 0x0000000084e00000, 0x0000000084e00000|100%| O|  |TAMS 0x0000000084e00000, 0x0000000084d00000| Untracked 
|  46|0x0000000084e00000, 0x0000000084f00000, 0x0000000084f00000|100%| O|  |TAMS 0x0000000084f00000, 0x0000000084e00000| Untracked 
|  47|0x0000000084f00000, 0x0000000085000000, 0x0000000085000000|100%| O|  |TAMS 0x0000000085000000, 0x0000000084f00000| Untracked 
|  48|0x0000000085000000, 0x0000000085100000, 0x0000000085100000|100%| O|  |TAMS 0x0000000085100000, 0x0000000085000000| Untracked 
|  49|0x0000000085100000, 0x0000000085200000, 0x0000000085200000|100%| O|  |TAMS 0x0000000085168200, 0x0000000085100000| Untracked 
|  50|0x0000000085200000, 0x0000000085300000, 0x0000000085300000|100%| O|  |TAMS 0x0000000085200000, 0x0000000085200000| Untracked 
|  51|0x0000000085300000, 0x0000000085400000, 0x0000000085400000|100%| O|  |TAMS 0x0000000085300000, 0x0000000085300000| Untracked 
|  52|0x0000000085400000, 0x00000000854eb200, 0x0000000085500000| 91%| O|  |TAMS 0x0000000085400000, 0x0000000085400000| Untracked 
|  53|0x0000000085500000, 0x0000000085500000, 0x0000000085600000|  0%| F|  |TAMS 0x0000000085500000, 0x0000000085500000| Untracked 
|  54|0x0000000085600000, 0x0000000085600000, 0x0000000085700000|  0%| F|  |TAMS 0x0000000085600000, 0x0000000085600000| Untracked 
|  55|0x0000000085700000, 0x0000000085700000, 0x0000000085800000|  0%| F|  |TAMS 0x0000000085700000, 0x0000000085700000| Untracked 
|  56|0x0000000085800000, 0x0000000085800000, 0x0000000085900000|  0%| F|  |TAMS 0x0000000085800000, 0x0000000085800000| Untracked 
|  57|0x0000000085900000, 0x0000000085900000, 0x0000000085a00000|  0%| F|  |TAMS 0x0000000085900000, 0x0000000085900000| Untracked 
|  58|0x0000000085a00000, 0x0000000085a00000, 0x0000000085b00000|  0%| F|  |TAMS 0x0000000085a00000, 0x0000000085a00000| Untracked 
|  59|0x0000000085b00000, 0x0000000085b00000, 0x0000000085c00000|  0%| F|  |TAMS 0x0000000085b00000, 0x0000000085b00000| Untracked 
|  60|0x0000000085c00000, 0x0000000085c00000, 0x0000000085d00000|  0%| F|  |TAMS 0x0000000085c00000, 0x0000000085c00000| Untracked 
|  61|0x0000000085d00000, 0x0000000085d00000, 0x0000000085e00000|  0%| F|  |TAMS 0x0000000085d00000, 0x0000000085d00000| Untracked 
|  62|0x0000000085e00000, 0x0000000085e00000, 0x0000000085f00000|  0%| F|  |TAMS 0x0000000085e00000, 0x0000000085e00000| Untracked 
|  63|0x0000000085f00000, 0x0000000085f00000, 0x0000000086000000|  0%| F|  |TAMS 0x0000000085f00000, 0x0000000085f00000| Untracked 
|  64|0x0000000086000000, 0x0000000086000000, 0x0000000086100000|  0%| F|  |TAMS 0x0000000086000000, 0x0000000086000000| Untracked 
|  65|0x0000000086100000, 0x0000000086100000, 0x0000000086200000|  0%| F|  |TAMS 0x0000000086100000, 0x0000000086100000| Untracked 
|  66|0x0000000086200000, 0x0000000086200000, 0x0000000086300000|  0%| F|  |TAMS 0x0000000086200000, 0x0000000086200000| Untracked 
|  67|0x0000000086300000, 0x0000000086300000, 0x0000000086400000|  0%| F|  |TAMS 0x0000000086300000, 0x0000000086300000| Untracked 
|  68|0x0000000086400000, 0x0000000086400000, 0x0000000086500000|  0%| F|  |TAMS 0x0000000086400000, 0x0000000086400000| Untracked 
|  69|0x0000000086500000, 0x0000000086500000, 0x0000000086600000|  0%| F|  |TAMS 0x0000000086500000, 0x0000000086500000| Untracked 
|  70|0x0000000086600000, 0x0000000086600000, 0x0000000086700000|  0%| F|  |TAMS 0x0000000086600000, 0x0000000086600000| Untracked 
|  71|0x0000000086700000, 0x0000000086700000, 0x0000000086800000|  0%| F|  |TAMS 0x0000000086700000, 0x0000000086700000| Untracked 
|  72|0x0000000086800000, 0x0000000086800000, 0x0000000086900000|  0%| F|  |TAMS 0x0000000086800000, 0x0000000086800000| Untracked 
|  73|0x0000000086900000, 0x0000000086a00000, 0x0000000086a00000|100%| S|CS|TAMS 0x0000000086900000, 0x0000000086900000| Complete 
|  74|0x0000000086a00000, 0x0000000086b00000, 0x0000000086b00000|100%| S|CS|TAMS 0x0000000086a00000, 0x0000000086a00000| Complete 
|  75|0x0000000086b00000, 0x0000000086b00000, 0x0000000086c00000|  0%| F|  |TAMS 0x0000000086b00000, 0x0000000086b00000| Untracked 
|  76|0x0000000086c00000, 0x0000000086c00000, 0x0000000086d00000|  0%| F|  |TAMS 0x0000000086c00000, 0x0000000086c00000| Untracked 
|  77|0x0000000086d00000, 0x0000000086d00000, 0x0000000086e00000|  0%| F|  |TAMS 0x0000000086d00000, 0x0000000086d00000| Untracked 
|  78|0x0000000086e00000, 0x0000000086e00000, 0x0000000086f00000|  0%| F|  |TAMS 0x0000000086e00000, 0x0000000086e00000| Untracked 
|  79|0x0000000086f00000, 0x0000000086f00000, 0x0000000087000000|  0%| F|  |TAMS 0x0000000086f00000, 0x0000000086f00000| Untracked 
|  80|0x0000000087000000, 0x0000000087000000, 0x0000000087100000|  0%| F|  |TAMS 0x0000000087000000, 0x0000000087000000| Untracked 
|  81|0x0000000087100000, 0x0000000087100000, 0x0000000087200000|  0%| F|  |TAMS 0x0000000087100000, 0x0000000087100000| Untracked 
|  82|0x0000000087200000, 0x0000000087200000, 0x0000000087300000|  0%| F|  |TAMS 0x0000000087200000, 0x0000000087200000| Untracked 
|  83|0x0000000087300000, 0x0000000087400000, 0x0000000087400000|100%| E|  |TAMS 0x0000000087300000, 0x0000000087300000| Complete 
|  84|0x0000000087400000, 0x0000000087500000, 0x0000000087500000|100%| E|CS|TAMS 0x0000000087400000, 0x0000000087400000| Complete 
|  85|0x0000000087500000, 0x0000000087600000, 0x0000000087600000|100%| E|CS|TAMS 0x0000000087500000, 0x0000000087500000| Complete 
|  86|0x0000000087600000, 0x0000000087700000, 0x0000000087700000|100%| E|CS|TAMS 0x0000000087600000, 0x0000000087600000| Complete 
|  87|0x0000000087700000, 0x0000000087800000, 0x0000000087800000|100%| E|CS|TAMS 0x0000000087700000, 0x0000000087700000| Complete 
|  88|0x0000000087800000, 0x0000000087900000, 0x0000000087900000|100%| E|CS|TAMS 0x0000000087800000, 0x0000000087800000| Complete 
|  89|0x0000000087900000, 0x0000000087a00000, 0x0000000087a00000|100%| E|CS|TAMS 0x0000000087900000, 0x0000000087900000| Complete 
|  90|0x0000000087a00000, 0x0000000087b00000, 0x0000000087b00000|100%| E|CS|TAMS 0x0000000087a00000, 0x0000000087a00000| Complete 
|  91|0x0000000087b00000, 0x0000000087c00000, 0x0000000087c00000|100%| E|CS|TAMS 0x0000000087b00000, 0x0000000087b00000| Complete 
|  92|0x0000000087c00000, 0x0000000087d00000, 0x0000000087d00000|100%| E|CS|TAMS 0x0000000087c00000, 0x0000000087c00000| Complete 
|  93|0x0000000087d00000, 0x0000000087e00000, 0x0000000087e00000|100%| E|CS|TAMS 0x0000000087d00000, 0x0000000087d00000| Complete 
|  94|0x0000000087e00000, 0x0000000087f00000, 0x0000000087f00000|100%| E|CS|TAMS 0x0000000087e00000, 0x0000000087e00000| Complete 
|  95|0x0000000087f00000, 0x0000000088000000, 0x0000000088000000|100%| E|CS|TAMS 0x0000000087f00000, 0x0000000087f00000| Complete 
|  96|0x0000000088000000, 0x0000000088100000, 0x0000000088100000|100%| E|CS|TAMS 0x0000000088000000, 0x0000000088000000| Complete 
|  97|0x0000000088100000, 0x0000000088200000, 0x0000000088200000|100%| E|  |TAMS 0x0000000088100000, 0x0000000088100000| Complete 
|  98|0x0000000088200000, 0x0000000088300000, 0x0000000088300000|100%| E|CS|TAMS 0x0000000088200000, 0x0000000088200000| Complete 
| 125|0x0000000089d00000, 0x0000000089e00000, 0x0000000089e00000|100%| E|CS|TAMS 0x0000000089d00000, 0x0000000089d00000| Complete 

Card table byte_map: [0x0000020eaea50000,0x0000020eaee40000] _byte_map_base: 0x0000020eae640000

Marking Bits (Prev, Next): (CMBitMap*) 0x0000020e99d8d3e0, (CMBitMap*) 0x0000020e99d8d420
 Prev Bits: [0x0000020eaf230000, 0x0000020eb11b0000)
 Next Bits: [0x0000020eb11b0000, 0x0000020eb3130000)

Polling page: 0x0000020e99e00000

Metaspace:

Usage:
  Non-class:     60.98 MB used.
      Class:      7.91 MB used.
       Both:     68.89 MB used.

Virtual space:
  Non-class space:       64.00 MB reserved,      61.12 MB ( 96%) committed,  8 nodes.
      Class space:        1.00 GB reserved,       8.06 MB ( <1%) committed,  1 nodes.
             Both:        1.06 GB reserved,      69.19 MB (  6%) committed. 

Chunk freelists:
   Non-Class:  2.75 MB
       Class:  3.92 MB
        Both:  6.67 MB

MaxMetaspaceSize: unlimited
CompressedClassSpaceSize: 1.00 GB
Initial GC threshold: 21.00 MB
Current GC threshold: 110.25 MB
CDS: off
MetaspaceReclaimPolicy: balanced
 - commit_granule_bytes: 65536.
 - commit_granule_words: 8192.
 - virtual_space_node_default_size: 1048576.
 - enlarge_chunks_in_place: 1.
 - new_chunks_are_fully_committed: 0.
 - uncommit_free_chunks: 1.
 - use_allocation_guard: 0.
 - handle_deallocations: 1.


Internal statistics:

num_allocs_failed_limit: 6.
num_arena_births: 326.
num_arena_deaths: 0.
num_vsnodes_births: 9.
num_vsnodes_deaths: 0.
num_space_committed: 1105.
num_space_uncommitted: 0.
num_chunks_returned_to_freelist: 6.
num_chunks_taken_from_freelist: 2561.
num_chunk_merges: 6.
num_chunk_splits: 2020.
num_chunks_enlarged: 1766.
num_purges: 0.
num_inconsistent_stats: 0.

CodeHeap 'non-profiled nmethods': size=120000Kb used=3386Kb max_used=3386Kb free=116613Kb
 bounds [0x0000020ea64a0000, 0x0000020ea67f0000, 0x0000020ead9d0000]
CodeHeap 'profiled nmethods': size=120000Kb used=21240Kb max_used=21240Kb free=98759Kb
 bounds [0x0000020e9e9d0000, 0x0000020e9fe90000, 0x0000020ea5f00000]
CodeHeap 'non-nmethods': size=5760Kb used=1347Kb max_used=1351Kb free=4412Kb
 bounds [0x0000020ea5f00000, 0x0000020ea6170000, 0x0000020ea64a0000]
 total_blobs=10039 nmethods=9371 adapters=578
 compilation: enabled
              stopped_count=0, restarted_count=0
 full_count=0

Compilation events (20 events):
Event: 18.999 Thread 0x0000020eb6856310 10439       1       org.jetbrains.kotlin.descriptors.impl.ModuleDescriptorImpl::access$getStorageManager$p (5 bytes)
Event: 18.999 Thread 0x0000020eb6856310 nmethod 10439 0x0000020ea67edd10 code [0x0000020ea67edea0, 0x0000020ea67edf58]
Event: 19.003 Thread 0x0000020eb6856310 10442       3       kotlin.sequences.SequencesKt__SequencesKt::generateSequence (32 bytes)
Event: 19.005 Thread 0x0000020eb6856310 nmethod 10442 0x0000020e9fe89610 code [0x0000020e9fe89920, 0x0000020e9fe8ab78]
Event: 19.005 Thread 0x0000020eb6856310 10445       3       org.jetbrains.kotlin.types.AbstractClassTypeConstructor::<init> (14 bytes)
Event: 19.006 Thread 0x0000020eb6856310 nmethod 10445 0x0000020e9fe8b210 code [0x0000020e9fe8b3c0, 0x0000020e9fe8b578]
Event: 19.006 Thread 0x0000020eb6856310 10443       3       kotlin.sequences.SequencesKt__SequencesKt$generateSequence$1::<init> (11 bytes)
Event: 19.006 Thread 0x0000020eb6856310 nmethod 10443 0x0000020e9fe8b690 code [0x0000020e9fe8b840, 0x0000020e9fe8ba78]
Event: 19.006 Thread 0x0000020eb6856310 10444       3       kotlin.sequences.ConstrainedOnceSequence::iterator (34 bytes)
Event: 19.007 Thread 0x0000020eb6856310 nmethod 10444 0x0000020e9fe8bb90 code [0x0000020e9fe8be60, 0x0000020e9fe8cd08]
Event: 19.009 Thread 0x0000020eb6856310 10448       3       org.jetbrains.kotlin.backend.common.serialization.CityHashKt::fetch64 (9 bytes)
Event: 19.009 Thread 0x0000020eb6856310 nmethod 10448 0x0000020e9fe8d190 code [0x0000020e9fe8d340, 0x0000020e9fe8d4a8]
Event: 19.009 Thread 0x0000020eb6856310 10449       3       org.jetbrains.kotlin.backend.common.serialization.CityHashKt::toLongLE (109 bytes)
Event: 19.009 Thread 0x0000020eb6856310 nmethod 10449 0x0000020e9fe8d590 code [0x0000020e9fe8d740, 0x0000020e9fe8d9f8]
Event: 19.009 Thread 0x0000020eb6856310 10450       3       org.jetbrains.kotlin.backend.common.serialization.mangle.descriptor.DescriptorMangleComputer::appendName (17 bytes)
Event: 19.010 Thread 0x0000020eb6856310 nmethod 10450 0x0000020e9fe8db90 code [0x0000020e9fe8dd40, 0x0000020e9fe8df48]
Event: 19.114 Thread 0x0000020eb6856310 10451       1       org.jetbrains.kotlin.backend.common.serialization.mangle.MangleConstant::getPrefix (5 bytes)
Event: 19.114 Thread 0x0000020eb6856310 nmethod 10451 0x0000020ea67ee010 code [0x0000020ea67ee1a0, 0x0000020ea67ee278]
Event: 19.114 Thread 0x0000020eb6856310 10452       1       org.jetbrains.kotlin.backend.common.serialization.mangle.MangleConstant::getSuffix (5 bytes)
Event: 19.114 Thread 0x0000020eb6856310 nmethod 10452 0x0000020ea67ee310 code [0x0000020ea67ee4a0, 0x0000020ea67ee578]

GC Heap History (20 events):
Event: 6.766 GC heap before
{Heap before GC invocations=12 (full 0):
 garbage-first heap   total 50176K, used 36749K [0x0000000082000000, 0x0000000100000000)
  region size 1024K, 17 young (17408K), 2 survivors (2048K)
 Metaspace       used 43382K, committed 43584K, reserved 1089536K
  class space    used 5295K, committed 5376K, reserved 1048576K
}
Event: 6.772 GC heap after
{Heap after GC invocations=13 (full 0):
 garbage-first heap   total 50176K, used 23716K [0x0000000082000000, 0x0000000100000000)
  region size 1024K, 3 young (3072K), 3 survivors (3072K)
 Metaspace       used 43382K, committed 43584K, reserved 1089536K
  class space    used 5295K, committed 5376K, reserved 1048576K
}
Event: 7.343 GC heap before
{Heap before GC invocations=13 (full 0):
 garbage-first heap   total 50176K, used 33956K [0x0000000082000000, 0x0000000100000000)
  region size 1024K, 15 young (15360K), 3 survivors (3072K)
 Metaspace       used 46786K, committed 47040K, reserved 1097728K
  class space    used 5712K, committed 5824K, reserved 1048576K
}
Event: 7.354 GC heap after
{Heap after GC invocations=14 (full 0):
 garbage-first heap   total 84992K, used 24416K [0x0000000082000000, 0x0000000100000000)
  region size 1024K, 2 young (2048K), 2 survivors (2048K)
 Metaspace       used 46786K, committed 47040K, reserved 1097728K
  class space    used 5712K, committed 5824K, reserved 1048576K
}
Event: 8.367 GC heap before
{Heap before GC invocations=14 (full 0):
 garbage-first heap   total 84992K, used 67424K [0x0000000082000000, 0x0000000100000000)
  region size 1024K, 41 young (41984K), 2 survivors (2048K)
 Metaspace       used 49694K, committed 49984K, reserved 1097728K
  class space    used 6012K, committed 6144K, reserved 1048576K
}
Event: 8.383 GC heap after
{Heap after GC invocations=15 (full 0):
 garbage-first heap   total 84992K, used 31856K [0x0000000082000000, 0x0000000100000000)
  region size 1024K, 6 young (6144K), 6 survivors (6144K)
 Metaspace       used 49694K, committed 49984K, reserved 1097728K
  class space    used 6012K, committed 6144K, reserved 1048576K
}
Event: 9.794 GC heap before
{Heap before GC invocations=15 (full 0):
 garbage-first heap   total 84992K, used 62576K [0x0000000082000000, 0x0000000100000000)
  region size 1024K, 36 young (36864K), 6 survivors (6144K)
 Metaspace       used 53426K, committed 53696K, reserved 1097728K
  class space    used 6353K, committed 6464K, reserved 1048576K
}
Event: 9.818 GC heap after
{Heap after GC invocations=16 (full 0):
 garbage-first heap   total 84992K, used 36795K [0x0000000082000000, 0x0000000100000000)
  region size 1024K, 5 young (5120K), 5 survivors (5120K)
 Metaspace       used 53426K, committed 53696K, reserved 1097728K
  class space    used 6353K, committed 6464K, reserved 1048576K
}
Event: 11.219 GC heap before
{Heap before GC invocations=16 (full 0):
 garbage-first heap   total 84992K, used 64443K [0x0000000082000000, 0x0000000100000000)
  region size 1024K, 32 young (32768K), 5 survivors (5120K)
 Metaspace       used 56246K, committed 56512K, reserved 1105920K
  class space    used 6663K, committed 6784K, reserved 1048576K
}
Event: 11.238 GC heap after
{Heap after GC invocations=17 (full 0):
 garbage-first heap   total 84992K, used 40261K [0x0000000082000000, 0x0000000100000000)
  region size 1024K, 4 young (4096K), 4 survivors (4096K)
 Metaspace       used 56246K, committed 56512K, reserved 1105920K
  class space    used 6663K, committed 6784K, reserved 1048576K
}
Event: 11.420 GC heap before
{Heap before GC invocations=17 (full 0):
 garbage-first heap   total 84992K, used 43333K [0x0000000082000000, 0x0000000100000000)
  region size 1024K, 8 young (8192K), 4 survivors (4096K)
 Metaspace       used 56725K, committed 56960K, reserved 1105920K
  class space    used 6718K, committed 6848K, reserved 1048576K
}
Event: 11.430 GC heap after
{Heap after GC invocations=18 (full 0):
 garbage-first heap   total 102400K, used 40541K [0x0000000082000000, 0x0000000100000000)
  region size 1024K, 1 young (1024K), 1 survivors (1024K)
 Metaspace       used 56725K, committed 56960K, reserved 1105920K
  class space    used 6718K, committed 6848K, reserved 1048576K
}
Event: 13.246 GC heap before
{Heap before GC invocations=19 (full 0):
 garbage-first heap   total 102400K, used 75357K [0x0000000082000000, 0x0000000100000000)
  region size 1024K, 35 young (35840K), 1 survivors (1024K)
 Metaspace       used 63146K, committed 63424K, reserved 1105920K
  class space    used 7559K, committed 7680K, reserved 1048576K
}
Event: 13.261 GC heap after
{Heap after GC invocations=20 (full 0):
 garbage-first heap   total 102400K, used 44634K [0x0000000082000000, 0x0000000100000000)
  region size 1024K, 5 young (5120K), 5 survivors (5120K)
 Metaspace       used 63146K, committed 63424K, reserved 1105920K
  class space    used 7559K, committed 7680K, reserved 1048576K
}
Event: 14.587 GC heap before
{Heap before GC invocations=20 (full 0):
 garbage-first heap   total 102400K, used 78426K [0x0000000082000000, 0x0000000100000000)
  region size 1024K, 37 young (37888K), 5 survivors (5120K)
 Metaspace       used 64399K, committed 64704K, reserved 1105920K
  class space    used 7599K, committed 7744K, reserved 1048576K
}
Event: 14.615 GC heap after
{Heap after GC invocations=21 (full 0):
 garbage-first heap   total 102400K, used 50602K [0x0000000082000000, 0x0000000100000000)
  region size 1024K, 5 young (5120K), 5 survivors (5120K)
 Metaspace       used 64399K, committed 64704K, reserved 1105920K
  class space    used 7599K, committed 7744K, reserved 1048576K
}
Event: 16.659 GC heap before
{Heap before GC invocations=21 (full 0):
 garbage-first heap   total 102400K, used 78250K [0x0000000082000000, 0x0000000100000000)
  region size 1024K, 32 young (32768K), 5 survivors (5120K)
 Metaspace       used 65614K, committed 65920K, reserved 1114112K
  class space    used 7623K, committed 7744K, reserved 1048576K
}
Event: 16.679 GC heap after
{Heap after GC invocations=22 (full 0):
 garbage-first heap   total 102400K, used 54219K [0x0000000082000000, 0x0000000100000000)
  region size 1024K, 4 young (4096K), 4 survivors (4096K)
 Metaspace       used 65614K, committed 65920K, reserved 1114112K
  class space    used 7623K, committed 7744K, reserved 1048576K
}
Event: 18.287 GC heap before
{Heap before GC invocations=22 (full 0):
 garbage-first heap   total 102400K, used 78795K [0x0000000082000000, 0x0000000100000000)
  region size 1024K, 29 young (29696K), 4 survivors (4096K)
 Metaspace       used 67429K, committed 67712K, reserved 1114112K
  class space    used 7777K, committed 7936K, reserved 1048576K
}
Event: 18.303 GC heap after
{Heap after GC invocations=23 (full 0):
 garbage-first heap   total 102400K, used 56236K [0x0000000082000000, 0x0000000100000000)
  region size 1024K, 2 young (2048K), 2 survivors (2048K)
 Metaspace       used 67429K, committed 67712K, reserved 1114112K
  class space    used 7777K, committed 7936K, reserved 1048576K
}

Dll operation events (2 events):
Event: 0.019 Loaded shared library C:\Program Files\Android\Android Studio2\jbr\bin\java.dll
Event: 2.279 Loaded shared library C:\Program Files\Android\Android Studio2\jbr\bin\verify.dll

Deoptimization events (20 events):
Event: 18.748 Thread 0x0000020e99d31e10 Uncommon trap: trap_request=0xffffff45 fr.pc=0x0000020ea663c1b8 relative=0x00000000000005f8
Event: 18.748 Thread 0x0000020e99d31e10 Uncommon trap: reason=unstable_if action=reinterpret pc=0x0000020ea663c1b8 method=java.lang.String.replace(CC)Ljava/lang/String; @ 2 c2
Event: 18.748 Thread 0x0000020e99d31e10 DEOPT PACKING pc=0x0000020ea663c1b8 sp=0x00000095da4fe700
Event: 18.748 Thread 0x0000020e99d31e10 DEOPT UNPACKING pc=0x0000020ea5f569a3 sp=0x00000095da4fe6b0 mode 2
Event: 18.762 Thread 0x0000020e99d31e10 Uncommon trap: trap_request=0xffffff45 fr.pc=0x0000020ea665b124 relative=0x0000000000000284
Event: 18.762 Thread 0x0000020e99d31e10 Uncommon trap: reason=unstable_if action=reinterpret pc=0x0000020ea665b124 method=java.lang.String.indexOf([BBILjava/lang/String;I)I @ 21 c2
Event: 18.762 Thread 0x0000020e99d31e10 DEOPT PACKING pc=0x0000020ea665b124 sp=0x00000095da4fdcc0
Event: 18.762 Thread 0x0000020e99d31e10 DEOPT UNPACKING pc=0x0000020ea5f569a3 sp=0x00000095da4fdbb8 mode 2
Event: 18.762 Thread 0x0000020e99d31e10 Uncommon trap: trap_request=0xffffff45 fr.pc=0x0000020ea665b870 relative=0x0000000000000250
Event: 18.762 Thread 0x0000020e99d31e10 Uncommon trap: reason=unstable_if action=reinterpret pc=0x0000020ea665b870 method=java.lang.String.indexOf([BBILjava/lang/String;I)I @ 21 c2
Event: 18.762 Thread 0x0000020e99d31e10 DEOPT PACKING pc=0x0000020ea665b870 sp=0x00000095da4fdc20
Event: 18.762 Thread 0x0000020e99d31e10 DEOPT UNPACKING pc=0x0000020ea5f569a3 sp=0x00000095da4fdbb0 mode 2
Event: 18.980 Thread 0x0000020e99d31e10 Uncommon trap: trap_request=0xffffffc6 fr.pc=0x0000020ea66fefb4 relative=0x0000000000000654
Event: 18.980 Thread 0x0000020e99d31e10 Uncommon trap: reason=bimorphic_or_optimized_type_check action=maybe_recompile pc=0x0000020ea66fefb4 method=org.jetbrains.kotlin.storage.LockBasedStorageManager$LockBasedLazyValue.invoke()Ljava/lang/Object; @ 24 c2
Event: 18.981 Thread 0x0000020e99d31e10 DEOPT PACKING pc=0x0000020ea66fefb4 sp=0x00000095da4fe7c0
Event: 18.981 Thread 0x0000020e99d31e10 DEOPT UNPACKING pc=0x0000020ea5f569a3 sp=0x00000095da4fe710 mode 2
Event: 18.981 Thread 0x0000020e99d31e10 Uncommon trap: trap_request=0xffffffc6 fr.pc=0x0000020ea66fefb4 relative=0x0000000000000654
Event: 18.981 Thread 0x0000020e99d31e10 Uncommon trap: reason=bimorphic_or_optimized_type_check action=maybe_recompile pc=0x0000020ea66fefb4 method=org.jetbrains.kotlin.storage.LockBasedStorageManager$LockBasedLazyValue.invoke()Ljava/lang/Object; @ 24 c2
Event: 18.981 Thread 0x0000020e99d31e10 DEOPT PACKING pc=0x0000020ea66fefb4 sp=0x00000095da4fe470
Event: 18.981 Thread 0x0000020e99d31e10 DEOPT UNPACKING pc=0x0000020ea5f569a3 sp=0x00000095da4fe3c0 mode 2

Classes unloaded (0 events):
No events

Classes redefined (0 events):
No events

Internal exceptions (20 events):
Event: 9.415 Thread 0x0000020e99d31e10 Implicit null exception at 0x0000020ea664998f to 0x0000020ea66499c0
Event: 9.705 Thread 0x0000020e99d31e10 Exception <a 'java/lang/NoSuchMethodError'{0x00000000858f52e0}: 'java.lang.Object java.lang.invoke.DirectMethodHandle$Holder.newInvokeSpecial(java.lang.Object, java.lang.Object, java.lang.Object, java.lang.Object, java.lang.Object, java.lang.Object)'> (0x00000000858f52e0) 
thrown [s\src\hotspot\share\interpreter\linkResolver.cpp, line 771]
Event: 9.728 Thread 0x0000020e99d31e10 Exception <a 'java/lang/NoSuchMethodError'{0x0000000085635330}: 'int java.lang.invoke.DirectMethodHandle$Holder.invokeStaticInit(java.lang.Object, int)'> (0x0000000085635330) 
thrown [s\src\hotspot\share\interpreter\linkResolver.cpp, line 771]
Event: 10.239 Thread 0x0000020e99d31e10 Implicit null exception at 0x0000020ea64b8c55 to 0x0000020ea64b9214
Event: 10.255 Thread 0x0000020e99d31e10 Implicit null exception at 0x0000020ea65bf19a to 0x0000020ea65bf308
Event: 10.256 Thread 0x0000020e99d31e10 Implicit null exception at 0x0000020ea65151d8 to 0x0000020ea651526a
Event: 10.282 Thread 0x0000020e99d31e10 Exception <a 'java/lang/NoSuchMethodError'{0x00000000862136d0}: 'java.lang.Object java.lang.invoke.DirectMethodHandle$Holder.invokeInterface(java.lang.Object, java.lang.Object, java.lang.Object)'> (0x00000000862136d0) 
thrown [s\src\hotspot\share\interpreter\linkResolver.cpp, line 771]
Event: 10.283 Thread 0x0000020e99d31e10 Exception <a 'java/lang/IncompatibleClassChangeError'{0x0000000086217040}: Found class java.lang.Object, but interface was expected> (0x0000000086217040) 
thrown [s\src\hotspot\share\interpreter\linkResolver.cpp, line 838]
Event: 10.316 Thread 0x0000020e99d31e10 Implicit null exception at 0x0000020ea64bafd2 to 0x0000020ea64bb57c
Event: 11.374 Thread 0x0000020e99d31e10 Exception <a 'java/lang/NoSuchMethodError'{0x0000000087a2d3c8}: 'java.lang.Object java.lang.invoke.DirectMethodHandle$Holder.newInvokeSpecial(java.lang.Object, java.lang.Object, java.lang.Object, java.lang.Object, java.lang.Object, java.lang.Object, java.lang.Object)'> (0x0000000087a2d3c8) 
thrown [s\src\hotspot\share\interpreter\linkResolver.cpp, line 771]
Event: 11.375 Thread 0x0000020e99d31e10 Exception <a 'java/lang/NoSuchMethodError'{0x0000000087a324d0}: 'java.lang.Object java.lang.invoke.Invokers$Holder.linkToTargetMethod(java.lang.Object, java.lang.Object, java.lang.Object, java.lang.Object, java.lang.Object, java.lang.Object, java.lang.Object)'> (0x0000000087a324d0) 
thrown [s\src\hotspot\share\interpreter\linkResolver.cpp, line 771]
Event: 12.128 Thread 0x0000020e99d31e10 Implicit null exception at 0x0000020ea65eaf5e to 0x0000020ea65eb204
Event: 12.270 Thread 0x0000020e99d31e10 Exception <a 'java/lang/NoSuchMethodError'{0x00000000871f8140}: 'int java.lang.invoke.DirectMethodHandle$Holder.invokeVirtual(java.lang.Object, java.lang.Object, java.lang.Object)'> (0x00000000871f8140) 
thrown [s\src\hotspot\share\interpreter\linkResolver.cpp, line 771]
Event: 12.454 Thread 0x0000020e99d31e10 Exception <a 'java/lang/NoSuchMethodError'{0x0000000086de8d68}: 'java.lang.Object java.lang.invoke.DirectMethodHandle$Holder.invokeStatic(java.lang.Object, java.lang.Object, java.lang.Object, java.lang.Object, int)'> (0x0000000086de8d68) 
thrown [s\src\hotspot\share\interpreter\linkResolver.cpp, line 771]
Event: 12.456 Thread 0x0000020e99d31e10 Exception <a 'java/lang/NoSuchMethodError'{0x0000000086df2a50}: 'java.lang.Object java.lang.invoke.DirectMethodHandle$Holder.newInvokeSpecial(java.lang.Object, java.lang.Object, java.lang.Object, java.lang.Object, int)'> (0x0000000086df2a50) 
thrown [s\src\hotspot\share\interpreter\linkResolver.cpp, line 771]
Event: 12.456 Thread 0x0000020e99d31e10 Exception <a 'java/lang/NoSuchMethodError'{0x0000000086df7580}: 'java.lang.Object java.lang.invoke.DirectMethodHandle$Holder.invokeSpecial(java.lang.Object, java.lang.Object, java.lang.Object, java.lang.Object, java.lang.Object, int)'> (0x0000000086df7580) 
thrown [s\src\hotspot\share\interpreter\linkResolver.cpp, line 771]
Event: 12.457 Thread 0x0000020e99d31e10 Exception <a 'java/lang/NoSuchMethodError'{0x0000000086dfba60}: 'java.lang.Object java.lang.invoke.Invokers$Holder.linkToTargetMethod(java.lang.Object, java.lang.Object, java.lang.Object, int, java.lang.Object)'> (0x0000000086dfba60) 
thrown [s\src\hotspot\share\interpreter\linkResolver.cpp, line 771]
Event: 12.538 Thread 0x0000020e99d31e10 Exception <a 'java/lang/NoSuchMethodError'{0x0000000086bb1290}: 'void java.lang.invoke.DirectMethodHandle$Holder.invokeInterface(java.lang.Object, java.lang.Object)'> (0x0000000086bb1290) 
thrown [s\src\hotspot\share\interpreter\linkResolver.cpp, line 771]
Event: 12.651 Thread 0x0000020e99d31e10 Exception <a 'java/lang/IncompatibleClassChangeError'{0x000000008699ef10}: Found class java.lang.Object, but interface was expected> (0x000000008699ef10) 
thrown [s\src\hotspot\share\interpreter\linkResolver.cpp, line 838]
Event: 18.692 Thread 0x0000020e99d31e10 Exception <a 'java/lang/NoSuchMethodError'{0x0000000087c09580}: 'java.lang.Object java.lang.invoke.DirectMethodHandle$Holder.invokeStaticInit(java.lang.Object, java.lang.Object, java.lang.Object, java.lang.Object)'> (0x0000000087c09580) 
thrown [s\src\hotspot\share\interpreter\linkResolver.cpp, line 771]

VM Operations (20 events):
Event: 18.287 Executing VM operation: G1CollectForAllocation
Event: 18.303 Executing VM operation: G1CollectForAllocation done
Event: 18.341 Executing VM operation: G1Concurrent
Event: 18.384 Executing VM operation: G1Concurrent done
Event: 18.400 Executing VM operation: G1Concurrent
Event: 18.400 Executing VM operation: G1Concurrent done
Event: 18.537 Executing VM operation: HandshakeAllThreads
Event: 18.537 Executing VM operation: HandshakeAllThreads done
Event: 18.574 Executing VM operation: HandshakeAllThreads
Event: 18.574 Executing VM operation: HandshakeAllThreads done
Event: 18.596 Executing VM operation: ICBufferFull
Event: 18.596 Executing VM operation: ICBufferFull done
Event: 18.894 Executing VM operation: HandshakeAllThreads
Event: 18.894 Executing VM operation: HandshakeAllThreads done
Event: 18.934 Executing VM operation: HandshakeAllThreads
Event: 18.934 Executing VM operation: HandshakeAllThreads done
Event: 18.937 Executing VM operation: HandshakeAllThreads
Event: 18.937 Executing VM operation: HandshakeAllThreads done
Event: 18.937 Executing VM operation: HandshakeAllThreads
Event: 18.938 Executing VM operation: HandshakeAllThreads done

Events (20 events):
Event: 17.500 loading class java/util/Collections$CopiesList done
Event: 18.018 loading class java/security/CodeSigner
Event: 18.018 loading class java/security/CodeSigner done
Event: 18.619 loading class java/text/MessageFormat
Event: 18.621 loading class java/text/MessageFormat done
Event: 18.621 loading class java/util/Locale$Category
Event: 18.621 loading class java/util/Locale$Category done
Event: 18.644 loading class jdk/internal/reflect/UnsafeBooleanFieldAccessorImpl
Event: 18.645 loading class jdk/internal/reflect/UnsafeBooleanFieldAccessorImpl done
Event: 18.645 loading class jdk/internal/reflect/UnsafeQualifiedObjectFieldAccessorImpl
Event: 18.646 loading class jdk/internal/reflect/UnsafeQualifiedFieldAccessorImpl
Event: 18.646 loading class jdk/internal/reflect/UnsafeQualifiedFieldAccessorImpl done
Event: 18.646 loading class jdk/internal/reflect/UnsafeQualifiedObjectFieldAccessorImpl done
Event: 18.702 loading class java/text/ChoiceFormat
Event: 18.703 loading class java/text/ChoiceFormat done
Event: 18.703 loading class jdk/internal/math/FloatingDecimal$ASCIIToBinaryBuffer
Event: 18.703 loading class jdk/internal/math/FloatingDecimal$ASCIIToBinaryBuffer done
Event: 18.729 loading class java/text/MessageFormat$Field
Event: 18.729 loading class java/text/MessageFormat$Field done
Event: 18.950 Thread 0x0000020eb6857b50 flushing nmethod 0x0000020e9f18d910


Dynamic libraries:
0x00007ff672be0000 - 0x00007ff672bea000 	C:\Program Files\Android\Android Studio2\jbr\bin\java.exe
0x00007ffc85870000 - 0x00007ffc85a67000 	C:\Windows\SYSTEM32\ntdll.dll
0x00007ffc84cf0000 - 0x00007ffc84dad000 	C:\Windows\System32\KERNEL32.DLL
0x00007ffc83380000 - 0x00007ffc83676000 	C:\Windows\System32\KERNELBASE.dll
0x00007ffc83680000 - 0x00007ffc83780000 	C:\Windows\System32\ucrtbase.dll
0x00007ffc58470000 - 0x00007ffc58487000 	C:\Program Files\Android\Android Studio2\jbr\bin\jli.dll
0x00007ffc58280000 - 0x00007ffc5829b000 	C:\Program Files\Android\Android Studio2\jbr\bin\VCRUNTIME140.dll
0x00007ffc85270000 - 0x00007ffc8540e000 	C:\Windows\System32\USER32.dll
0x00007ffc83780000 - 0x00007ffc837a2000 	C:\Windows\System32\win32u.dll
0x00007ffc64680000 - 0x00007ffc6491a000 	C:\Windows\WinSxS\amd64_microsoft.windows.common-controls_6595b64144ccf1df_6.0.19041.3570_none_60bb2a3971f3e41a\COMCTL32.dll
0x00007ffc84cb0000 - 0x00007ffc84cdc000 	C:\Windows\System32\GDI32.dll
0x00007ffc83980000 - 0x00007ffc83a1e000 	C:\Windows\System32\msvcrt.dll
0x00007ffc837b0000 - 0x00007ffc838ca000 	C:\Windows\System32\gdi32full.dll
0x00007ffc832e0000 - 0x00007ffc8337d000 	C:\Windows\System32\msvcp_win.dll
0x00007ffc857a0000 - 0x00007ffc857d0000 	C:\Windows\System32\IMM32.DLL
0x00007ffc7d850000 - 0x00007ffc7d85c000 	C:\Program Files\Android\Android Studio2\jbr\bin\vcruntime140_1.dll
0x00007ffc2a160000 - 0x00007ffc2a1ed000 	C:\Program Files\Android\Android Studio2\jbr\bin\msvcp140.dll
0x00007ffbb7bd0000 - 0x00007ffbb883e000 	C:\Program Files\Android\Android Studio2\jbr\bin\server\jvm.dll
0x00007ffc85090000 - 0x00007ffc8513e000 	C:\Windows\System32\ADVAPI32.dll
0x00007ffc85540000 - 0x00007ffc855dc000 	C:\Windows\System32\sechost.dll
0x00007ffc855e0000 - 0x00007ffc85706000 	C:\Windows\System32\RPCRT4.dll
0x00007ffc78040000 - 0x00007ffc78049000 	C:\Windows\SYSTEM32\WSOCK32.dll
0x00007ffc85470000 - 0x00007ffc854db000 	C:\Windows\System32\WS2_32.dll
0x00007ffc770b0000 - 0x00007ffc770d7000 	C:\Windows\SYSTEM32\WINMM.dll
0x00007ffc7ad40000 - 0x00007ffc7ad4a000 	C:\Windows\SYSTEM32\VERSION.dll
0x00007ffc80db0000 - 0x00007ffc80dc2000 	C:\Windows\SYSTEM32\kernel.appcore.dll
0x00007ffc7cdf0000 - 0x00007ffc7cdfa000 	C:\Program Files\Android\Android Studio2\jbr\bin\jimage.dll
0x00007ffc795b0000 - 0x00007ffc79794000 	C:\Windows\SYSTEM32\DBGHELP.DLL
0x00007ffc79530000 - 0x00007ffc79564000 	C:\Windows\SYSTEM32\dbgcore.DLL
0x00007ffc83080000 - 0x00007ffc83102000 	C:\Windows\System32\bcryptPrimitives.dll
0x00007ffc5d100000 - 0x00007ffc5d125000 	C:\Program Files\Android\Android Studio2\jbr\bin\java.dll
0x00007ffc5d0e0000 - 0x00007ffc5d0f8000 	C:\Program Files\Android\Android Studio2\jbr\bin\zip.dll
0x00007ffc83b50000 - 0x00007ffc84294000 	C:\Windows\System32\SHELL32.dll
0x00007ffc80fb0000 - 0x00007ffc8174b000 	C:\Windows\SYSTEM32\windows.storage.dll
0x00007ffc842a0000 - 0x00007ffc845f4000 	C:\Windows\System32\combase.dll
0x00007ffc82840000 - 0x00007ffc8286d000 	C:\Windows\SYSTEM32\Wldp.dll
0x00007ffc838d0000 - 0x00007ffc8397d000 	C:\Windows\System32\SHCORE.dll
0x00007ffc83a20000 - 0x00007ffc83a75000 	C:\Windows\System32\shlwapi.dll
0x00007ffc82e80000 - 0x00007ffc82ea5000 	C:\Windows\SYSTEM32\profapi.dll
0x00007ffc584b0000 - 0x00007ffc584c9000 	C:\Program Files\Android\Android Studio2\jbr\bin\net.dll
0x00007ffc78dd0000 - 0x00007ffc78eda000 	C:\Windows\SYSTEM32\WINHTTP.dll
0x00007ffc825c0000 - 0x00007ffc8262a000 	C:\Windows\system32\mswsock.dll
0x00007ffc58490000 - 0x00007ffc584a6000 	C:\Program Files\Android\Android Studio2\jbr\bin\nio.dll
0x00007ffc7cde0000 - 0x00007ffc7cdf0000 	C:\Program Files\Android\Android Studio2\jbr\bin\verify.dll

dbghelp: loaded successfully - version: 4.0.5 - missing functions: none
symbol engine: initialized successfully - sym options: 0x614 - pdb path: .;C:\Program Files\Android\Android Studio2\jbr\bin;C:\Windows\SYSTEM32;C:\Windows\WinSxS\amd64_microsoft.windows.common-controls_6595b64144ccf1df_6.0.19041.3570_none_60bb2a3971f3e41a;C:\Program Files\Android\Android Studio2\jbr\bin\server

VM Arguments:
java_command: org.jetbrains.kotlin.cli.jvm.K2JVMCompiler @D:\ChPI\Diplom\add_new_card_ui\build\20231113_10960397451796917975.compiler.options
java_class_path (initial): C:\Users\linar\.gradle\caches\modules-2\files-2.1\org.jetbrains.kotlin\kotlin-compiler-embeddable\1.6.21\97bdd5a752ce73b58ef16c17bc7f0ea2faff7a2e\kotlin-compiler-embeddable-1.6.21.jar;C:\Users\linar\.gradle\caches\modules-2\files-2.1\org.jetbrains.kotlin\kotlin-reflect\1.6.21\5dc3574d9b7bebfcb4ec6b10ada4aaa9e140bd0b\kotlin-reflect-1.6.21.jar;C:\Users\linar\.gradle\caches\modules-2\files-2.1\org.jetbrains.kotlin\kotlin-stdlib\1.6.21\11ef67f1900634fd951bad28c53ec957fabbe5b8\kotlin-stdlib-1.6.21.jar;C:\Users\linar\.gradle\caches\modules-2\files-2.1\org.jetbrains.kotlin\kotlin-script-runtime\1.6.21\99c6675100da5d6d5b1c5a1032f27f28008d101b\kotlin-script-runtime-1.6.21.jar;C:\Users\linar\.gradle\caches\modules-2\files-2.1\org.jetbrains.kotlin\kotlin-daemon-embeddable\1.6.21\46b78cf392e1c4f10854c3cadba44abb7b82250f\kotlin-daemon-embeddable-1.6.21.jar;C:\Users\linar\.gradle\caches\modules-2\files-2.1\org.jetbrains.intellij.deps\trove4j\1.0.20200330\3afb14d5f9ceb459d724e907a21145e8ff394f02\trove4j-1.0.20200330.jar;C:\Users\linar\.gradle\caches\modules-2\files-2.1\net.java.dev.jna\jna\5.6.0\330f2244e9030119ab3030fc3fededc86713d9cc\jna-5.6.0.jar;C:\Users\linar\.gradle\caches\modules-2\files-2.1\org.jetbrains.kotlin\kotlin-stdlib-common\1.6.21\5e5b55c26dbc80372a920aef60eb774b714559b8\kotlin-stdlib-common-1.6.21.jar;C:\Users\linar\.gradle\caches\modules-2\files-2.1\org.jetbrains\annotations\13.0\919f0dfe192fb4e063e7dacadee7f8bb9a2672a9\annotations-13.0.jar
Launcher Type: SUN_STANDARD

[Global flags]
     intx CICompilerCount                          = 4                                         {product} {ergonomic}
     uint ConcGCThreads                            = 3                                         {product} {ergonomic}
     uint G1ConcRefinementThreads                  = 10                                        {product} {ergonomic}
   size_t G1HeapRegionSize                         = 1048576                                   {product} {ergonomic}
    uintx GCDrainStackTargetSize                   = 64                                        {product} {ergonomic}
   size_t InitialHeapSize                          = 132120576                                 {product} {ergonomic}
   size_t MarkStackSize                            = 4194304                                   {product} {ergonomic}
   size_t MaxHeapSize                              = 2113929216                                {product} {ergonomic}
   size_t MaxNewSize                               = 1267728384                                {product} {ergonomic}
   size_t MinHeapDeltaBytes                        = 1048576                                   {product} {ergonomic}
   size_t MinHeapSize                              = 8388608                                   {product} {ergonomic}
    uintx NonNMethodCodeHeapSize                   = 5839372                                {pd product} {ergonomic}
    uintx NonProfiledCodeHeapSize                  = 122909434                              {pd product} {ergonomic}
    uintx ProfiledCodeHeapSize                     = 122909434                              {pd product} {ergonomic}
    uintx ReservedCodeCacheSize                    = 251658240                              {pd product} {ergonomic}
     bool SegmentedCodeCache                       = true                                      {product} {ergonomic}
   size_t SoftMaxHeapSize                          = 2113929216                             {manageable} {ergonomic}
     bool UseCompressedClassPointers               = true                           {product lp64_product} {ergonomic}
     bool UseCompressedOops                        = true                           {product lp64_product} {ergonomic}
     bool UseG1GC                                  = true                                      {product} {ergonomic}
     bool UseLargePagesIndividualAllocation        = false                                  {pd product} {ergonomic}

Logging:
Log output configuration:
 #0: stdout all=warning uptime,level,tags
 #1: stderr all=off uptime,level,tags

Environment Variables:
JAVA_HOME=C:\Program Files\Java\jdk-17
PATH=C:\Program Files (x86)\Microsoft\Edge\Application;C:\Program Files\Python\Scripts\;C:\Program Files\Python\;C:\Program Files\Common Files\Oracle\Java\javapath;C:\Program Files (x86)\RSA SecurID Token Common;C:\Program Files\RSA SecurID Token Common;C:\Program Files (x86)\Common Files\Intel\Shared Libraries\redist\intel64\compiler;C:\Program Files (x86)\Common Files\Oracle\Java\javapath;C:\Program Files (x86)\NVIDIA Corporation\PhysX\Common;C:\Windows\system32;C:\Windows;C:\Windows\System32\Wbem;C:\Windows\System32\WindowsPowerShell\v1.0\;C:\Windows\System32\OpenSSH\;C:\Program Files\Microsoft SQL Server\Client SDK\ODBC\110\Tools\Binn\;C:\Program Files (x86)\Microsoft SQL Server\120\Tools\Binn\;C:\Program Files\Microsoft SQL Server\120\Tools\Binn\;C:\Program Files\Microsoft SQL Server\120\DTS\Binn\;C:\Program Files (x86)\Windows Kits\8.1\Windows Performance Toolkit\;C:\Program Files (x86)\dotnet\;C:\Program Files\Git\cmd;C:\Program Files\MySQL\MySQL Server 8.0\bin;C:\Program Files\Docker\Docker\resources\bin;D:\bazel;C:\Program Files\Microsoft SQL Server\140\Tools\Binn\;C:\Program Files\nodejs\;C:\Users\linar\AppData\Local\Programs\Python\Launcher\;C:\Program Files (x86)\RSA SecurID Token Common;C:\Program Files\RSA SecurID Token Common;C:\Program Files (x86)\Common Files\Intel\Shared Libraries\redist\intel64\compiler;C:\Program Files (x86)\Common Files\Oracle\Java\javapath;C:\Program Files (x86)\NVIDIA Corporation\PhysX\Common;C:\Windows\system32;C:\Windows;C:\Windows\System32\Wbem;C:\Windows\System32\WindowsPowerShell\v1.0\;C:\Windows\System32\OpenSSH\;C:\Program Files\Microsoft SQL Server\Client SDK\ODBC\110\Tools\Binn\;C:\Program Files (x86)\Microsoft SQL Server\120\Tools\Binn\;C:\Program Files\Microsoft SQL Server\120\Tools\Binn\;C:\Program Files\Microsoft SQL Server\120\DTS\Binn\;C:\Program Files (x86)\Windows Kits\8.1\Windows Performance Toolkit\;C:\Program Files (x86)\dotnet\;C:\Program Files\Git\cmd;C:\Program Files\nodejs\;C:\Program Files\MySQL\MySQL Ser
USERNAME=Lina
OS=Windows_NT
PROCESSOR_IDENTIFIER=AMD64 Family 23 Model 96 Stepping 1, AuthenticAMD
TMP=C:\Users\linar\AppData\Local\Temp
TEMP=C:\Users\linar\AppData\Local\Temp


JNI global refs:
JNI global refs: 10, weak refs: 8

JNI global refs memory usage: 843, weak refs: 841


---------------  S Y S T E M  ---------------

OS:
 Windows 10 , 64 bit Build 19041 (10.0.19041.3570)
OS uptime: 14 days 12:34 hours
Hyper-V role detected

CPU: total 12 (initial active 12) (12 cores per cpu, 2 threads per core) family 23 model 96 stepping 1 microcode 0x0, cx8, cmov, fxsr, ht, mmx, 3dnowpref, sse, sse2, sse3, ssse3, sse4a, sse4.1, sse4.2, popcnt, lzcnt, tsc, tscinvbit, avx, avx2, aes, clmul, bmi1, bmi2, adx, sha, fma, vzeroupper, clflush, clflushopt, hv

Memory: 4k page, system-wide physical 8061M (130M free)
TotalPageFile size 32637M (AvailPageFile size 2M)
current process WorkingSet (physical memory assigned to process): 259M, peak: 267M
current process commit charge ("private bytes"): 315M, peak: 316M

vm_info: OpenJDK 64-Bit Server VM (17.0.6+0-b2043.56-10027231) for windows-amd64 JRE (17.0.6+0-b2043.56-10027231), built on Apr 28 2023 00:43:19 by "androidbuild" with MS VC++ 16.10 / 16.11 (VS2019)

END.
